C51 COMPILER V9.54   MAIN                                                                  03/28/2023 15:13:43 PAGE 1   


C51 COMPILER V9.54, COMPILATION OF MODULE MAIN
OBJECT MODULE PLACED IN .\Objects\main.obj
COMPILER INVOKED BY: D:\Keil5\C51\BIN\C51.EXE main.c OPTIMIZE(8,SPEED) BROWSE DEBUG OBJECTEXTEND PRINT(.\Listings\main.l
                    -st) TABS(2) OBJECT(.\Objects\main.obj)

line level    source

   1          #include <REGX52.H>
   2          
   3          sbit LED0=P2^0;
   4          
   5          void Delay(unsigned char t)
   6          {
   7   1        while(t--);
   8   1      }
   9          
  10          void main(void)
  11          {
  12   1        unsigned char time,i;
  13   1      
  14   1        while(1)
  15   1        {
  16   2          for(time = 0;time<100;time++)
  17   2          {
  18   3            for(i=0;i<20;i++)
  19   3            {
  20   4              LED0 = 0;
  21   4              Delay(time);
  22   4              LED0 = 1;
  23   4              Delay(100-time);
  24   4            }
  25   3          }
  26   2          for(time = 100;time>0;time--)
  27   2          {
  28   3            for(i=0;i<20;i++)
  29   3            {
  30   4              LED0 = 0;
  31   4              Delay(time);
  32   4              LED0 = 1;
  33   4              Delay(100-time);
  34   4            }
  35   3          }
  36   2        }
  37   1      }


MODULE INFORMATION:   STATIC OVERLAYABLE
   CODE SIZE        =     56    ----
   CONSTANT SIZE    =   ----    ----
   XDATA SIZE       =   ----    ----
   PDATA SIZE       =   ----    ----
   DATA SIZE        =   ----    ----
   IDATA SIZE       =   ----    ----
   BIT SIZE         =   ----    ----
END OF MODULE INFORMATION.


C51 COMPILATION COMPLETE.  0 WARNING(S),  0 ERROR(S)
