C51 COMPILER V9.54   MAIN                                                                  03/10/2023 20:23:24 PAGE 1   


C51 COMPILER V9.54, COMPILATION OF MODULE MAIN
OBJECT MODULE PLACED IN .\Objects\main.obj
COMPILER INVOKED BY: D:\Keil5\C51\BIN\C51.EXE main.c OPTIMIZE(8,SPEED) BROWSE DEBUG OBJECTEXTEND PRINT(.\Listings\main.l
                    -st) TABS(2) OBJECT(.\Objects\main.obj)

line level    source

   1          #include <REGX52.H>
   2          #include "LCD1602.h"
   3          #include "MatrixKey.h"
   4          
   5          void main(){
   6   1        //初始化密码
   7   1        const int __password__ = 1470;
   8   1        long int password = 0;
   9   1        unsigned char number = 0;
  10   1        unsigned char len = 0;
  11   1        unsigned char enter = 0;
  12   1        
  13   1        //模块化使用
  14   1        LCD_Init();
  15   1        LCD_ShowString(1,1,"PassWord:");
  16   1        
  17   1        while(1){
  18   2          //读取矩阵键盘输入
  19   2          number = getKey();
  20   2          if(number != -1){
  21   3            //处理按下确定的情况
  22   3            if(11 == number) {enter = 1;}
  23   3            //处理按下退格的情况
  24   3            if(12 == number) {len = (len<=0)?0:len-1;password = password/10;}
  25   3            //处理按下第四行按键的请况
  26   3            if(number > 12);
  27   3            //其它情况
  28   3            if(number <= 10){
  29   4              password = password*10 +number;
  30   4              len++;
  31   4              //超出4位则归0
  32   4              if(len > 4){
  33   5                password = password%10;
  34   5                len = 1;
  35   5              }
  36   4            }
  37   3          }
  38   2          if(1 == enter){
  39   3            //判断密码是否正确
  40   3            if(password == __password__){
  41   4              LCD_ShowString(1,14," OK");
  42   4            }else {
  43   4              LCD_ShowString(1,14,"ERR");
  44   4            }
  45   3            enter = 0;
  46   3          }
  47   2          //已经输入的数字的显示
  48   2          LCD_ShowNum(2,1,password,4);
  49   2        }
  50   1      }


MODULE INFORMATION:   STATIC OVERLAYABLE
   CODE SIZE        =    272    ----
C51 COMPILER V9.54   MAIN                                                                  03/10/2023 20:23:24 PAGE 2   

   CONSTANT SIZE    =     18    ----
   XDATA SIZE       =   ----    ----
   PDATA SIZE       =   ----    ----
   DATA SIZE        =   ----       9
   IDATA SIZE       =   ----    ----
   BIT SIZE         =   ----    ----
END OF MODULE INFORMATION.


C51 COMPILATION COMPLETE.  0 WARNING(S),  0 ERROR(S)
