C51 COMPILER V9.54   74HC595                                                               07/21/2023 22:55:01 PAGE 1   


C51 COMPILER V9.54, COMPILATION OF MODULE 74HC595
OBJECT MODULE PLACED IN .\Objects\74HC595.obj
COMPILER INVOKED BY: D:\Keil5\C51\BIN\C51.EXE 74HC595.c OPTIMIZE(8,SPEED) BROWSE DEBUG OBJECTEXTEND PRINT(.\Listings\74H
                    -C595.lst) OBJECT(.\Objects\74HC595.obj)

line level    source

   1          #include <REGX52.H>
   2          #include "Delay.h"
   3          
   4          #define MATRIX_LED_PORT P0
   5          
   6          sbit RCK=P3^5;
   7          sbit SCK=P3^6;
   8          sbit SER=P3^4;
   9          
  10          /**
  11            * @brief 初始化74HC595的传送周期
  12            * @param 无
  13            * @retval 无
  14            */
  15          void _74HC595_Init(void)
  16          {
  17   1              SCK = 0;
  18   1              RCK = 0;
  19   1      }
  20          
  21          /**
  22            * @brief 向74HC595的数据寄存器写入一个数据(输出端)
  23            * @param 要输出的数据
  24            * @retval 无
  25            */
  26          void _74HC595_Write(unsigned char byte)
  27          {
  28   1              unsigned char i;
  29   1              //将SER中的数据放入移位寄存器中
  30   1              for(i=0;i<8;i++)
  31   1              {
  32   2                      /*
  33   2                      例:
  34   2                      10110101 & 10000000 (byte&0x80) = 10000000 = 1(第一位值)
  35   2                      10110101 & 01000000 (byte&0x40) = 00000000 = 0(第二位值)
  36   2                      */
  37   2                      SER = byte&(0x80>>i);//用移位操作来简化
  38   2                      SCK = 1;
  39   2                      SCK = 0;
  40   2              }
  41   1              //将移位寄存器的数据移动到数据寄存器中
  42   1              RCK = 1;
  43   1              RCK = 0;
  44   1      }
  45          
  46          
  47          /**
  48            * @brief 指定8x8LED点阵的某一列显示数据
  49            * @param 选择的列（0-7）,0在左边
  50                  * @param 要显示的数据
  51            * @retval 无
  52            */
  53          void LED_Show_column(unsigned char column, Data)
  54          {
C51 COMPILER V9.54   74HC595                                                               07/21/2023 22:55:01 PAGE 2   

  55   1              _74HC595_Write(Data);
  56   1              MATRIX_LED_PORT = ~(0x80>>column);//从左往右数
  57   1              Delay(1);
  58   1              MATRIX_LED_PORT = 0xff;
  59   1      }


MODULE INFORMATION:   STATIC OVERLAYABLE
   CODE SIZE        =     84    ----
   CONSTANT SIZE    =   ----    ----
   XDATA SIZE       =   ----    ----
   PDATA SIZE       =   ----    ----
   DATA SIZE        =   ----    ----
   IDATA SIZE       =   ----    ----
   BIT SIZE         =   ----    ----
END OF MODULE INFORMATION.


C51 COMPILATION COMPLETE.  0 WARNING(S),  0 ERROR(S)
