C51 COMPILER V9.54   MAIN                                                                  07/21/2023 22:55:01 PAGE 1   


C51 COMPILER V9.54, COMPILATION OF MODULE MAIN
OBJECT MODULE PLACED IN .\Objects\main.obj
COMPILER INVOKED BY: D:\Keil5\C51\BIN\C51.EXE main.c OPTIMIZE(8,SPEED) BROWSE DEBUG OBJECTEXTEND PRINT(.\Listings\main.l
                    -st) OBJECT(.\Objects\main.obj)

line level    source

   1          #include <REGX52.H>
   2          #include "74HC595.h"
   3          #include "Delay.h"
   4          #include "Timer0.h"
   5          
   6          unsigned char animation[] = {
   7                  0x00,0x00,0x00,0x00,0x00,0x00,0x00,0x00,
   8                  0xFF,0x08,0x08,0x08,0xFF,0x00,0x3C,0x4A,
   9                  0x89,0x89,0x71,0x00,0xFE,0x01,0x01,0x01,
  10                  0x00,0xFE,0x01,0x01,0x01,0x00,0x7E,0x81,
  11                  0x81,0x81,0x7E,0x00,0x05,0x0A,0x04,0x00,
  12                  0xFC,0x02,0x01,0x3E,0x01,0x02,0xFC,0x00,
  13                  0x3C,0x42,0x81,0x42,0x3C,0x00,0xFF,0x20,
  14                  0x40,0x40,0x40,0x00,0xFE,0x01,0x01,0x01,
  15                  0x00,0x0E,0x11,0x11,0xFF,0x01,0x00,0xFF,
  16                  0x85,0xFF,0x00,0x00,0x00,0x00,0x00,0x00,
  17                  0x00,0x00,0x00
  18          };//Hello,World!
  19          unsigned char Offset = 0;//设置动画偏移量
  20          
  21          void main(void)
  22          {
  23   1              _74HC595_Init();
  24   1              Timer0Init();
  25   1              
  26   1              while(1)
  27   1              {
  28   2                      unsigned char i;
  29   2                      //显示一帧
  30   2                      for(i=0;i<8;i++)
  31   2                      {
  32   3                              LED_Show_column(i,animation[i+Offset]);
  33   3                      }
  34   2              }
  35   1      }
  36          
  37          void Timer0_Rountine(void) interrupt 1
  38          {
  39   1              static unsigned int count = 0;
  40   1              TL0 = 0x66;             //设置定时初值
  41   1              TH0 = 0xFC;             //设置定时初值
  42   1              count++;
  43   1              
  44   1              if(count == 100)//每0.1秒移动一帧
  45   1              {
  46   2                      count = 0;
  47   2                      Offset++;
  48   2                      if(Offset>75){Offset = 0;}//复位
  49   2              }
  50   1      }


MODULE INFORMATION:   STATIC OVERLAYABLE
   CODE SIZE        =     81    ----
C51 COMPILER V9.54   MAIN                                                                  07/21/2023 22:55:01 PAGE 2   

   CONSTANT SIZE    =   ----    ----
   XDATA SIZE       =   ----    ----
   PDATA SIZE       =   ----    ----
   DATA SIZE        =     86       1
   IDATA SIZE       =   ----    ----
   BIT SIZE         =   ----    ----
END OF MODULE INFORMATION.


C51 COMPILATION COMPLETE.  0 WARNING(S),  0 ERROR(S)
