C51 COMPILER V9.54   TIMER0                                                                07/21/2023 22:55:01 PAGE 1   


C51 COMPILER V9.54, COMPILATION OF MODULE TIMER0
OBJECT MODULE PLACED IN .\Objects\Timer0.obj
COMPILER INVOKED BY: D:\Keil5\C51\BIN\C51.EXE Timer0.c OPTIMIZE(8,SPEED) BROWSE DEBUG OBJECTEXTEND PRINT(.\Listings\Time
                    -r0.lst) OBJECT(.\Objects\Timer0.obj)

line level    source

   1          #include "Timer0.h"
   2          #include <REGX52.H>
   3          
   4          /**
   5            * @brief 初始化定时器0计时1ms
   6            * @param 无
   7            * @retval 无
   8            */
   9          void Timer0Init(void)           //1毫秒@11.0592MHz
  10          {
  11   1              TMOD &= 0xF0;           //设置定时器模式
  12   1              TMOD |= 0x01;           //设置定时器模式
  13   1              TL0 = 0x66;             //设置定时初值
  14   1              TH0 = 0xFC;             //设置定时初值
  15   1              TF0 = 0;                //清除TF0标志
  16   1              TR0 = 1;                //定时器0开始计时
  17   1      
  18   1              ET0 = 1;//配置定时器0中断
  19   1              EA = 1;//总中断
  20   1              PT0 = 0;//中断优先级
  21   1      }
  22          
  23          
  24          
  25          //定时器0中断调用模板，此为1秒模板
  26          /*
  27          void Timer0_Rountine(void) interrupt 1
  28          {
  29                  static unsigned int count = 0;
  30                  TL0 = 0x66;             //设置定时初值
  31                  TH0 = 0xFC;             //设置定时初值
  32                  count++;
  33                  
  34                  if(count == 1000)//控制执行次数，每次1ms
  35                  {
  36                          count = 0;
  37          
  38                  }
  39          }
  40          */


MODULE INFORMATION:   STATIC OVERLAYABLE
   CODE SIZE        =     23    ----
   CONSTANT SIZE    =   ----    ----
   XDATA SIZE       =   ----    ----
   PDATA SIZE       =   ----    ----
   DATA SIZE        =   ----    ----
   IDATA SIZE       =   ----    ----
   BIT SIZE         =   ----    ----
END OF MODULE INFORMATION.


C51 COMPILATION COMPLETE.  0 WARNING(S),  0 ERROR(S)
