C51 COMPILER V9.54   MAIN                                                                  03/09/2023 22:31:05 PAGE 1   


C51 COMPILER V9.54, COMPILATION OF MODULE MAIN
OBJECT MODULE PLACED IN .\Objects\main.obj
COMPILER INVOKED BY: D:\Keil5\C51\BIN\C51.EXE main.c OPTIMIZE(8,SPEED) BROWSE DEBUG OBJECTEXTEND PRINT(.\Listings\main.l
                    -st) TABS(2) OBJECT(.\Objects\main.obj)

line level    source

   1          #include <REGX52.H>
   2          #include <INTRINS.H>
   3          
   4          void Nixie(unsigned char Location, number);
   5          void Delay(unsigned char xms);
   6          
   7          char number[] = {0x3f,0x06,0x5b,0x4f,0x66,
   8          0x6d,0x7d,0x07,0x7f,0x6f,0x3f}; //代表从0到9的10个数字
   9          
  10          
  11          void main(){
  12   1        //unsigned char loop;
  13   1        while(1){
  14   2          Nixie(1,number[1]);
  15   2          Delay(5);//延时一段时间，防止交换过快导致看不出来
  16   2          Nixie(2,number[5]);
  17   2          Delay(5);
  18   2          Nixie(3,number[5]);
  19   2          Delay(5);
  20   2          Nixie(4,number[7]);
  21   2          Delay(5);
  22   2        }
  23   1      }
  24          
  25          //选中某个数码管并显示number
  26          void Nixie(unsigned char Location, number){
  27   1        
  28   1        //选中某个数码管
  29   1        //CBA为0到7分别代表从右到左的8个数码管(Y0-Y7)
  30   1        //case为1到8分别代表从左到右的8个数码管
  31   1        switch(Location){
  32   2          case 1:
  33   2            P2_4 = 1;// C = 1
  34   2            P2_3 = 1;// B = 1
  35   2            P2_2 = 1;// A = 1
  36   2            break;
  37   2          case 2:
  38   2            P2_4 = 1;P2_3 = 1;P2_2 = 0;//CBA = 110
  39   2            break;
  40   2          case 3:
  41   2            P2_4 = 1;P2_3 = 0;P2_2 = 1;//CBA = 101
  42   2            break;
  43   2          case 4:
  44   2            P2_4 = 1;P2_3 = 0;P2_2 = 0;//CBA = 100
  45   2            break;
  46   2          case 5:
  47   2            P2_4 = 0;P2_3 = 1;P2_2 = 1;//CBA = 011
  48   2            break;
  49   2          case 6:
  50   2            P2_4 = 0;P2_3 = 1;P2_2 = 0;//CBA = 010
  51   2            break;
  52   2          case 7:
  53   2            P2_4 = 0;P2_3 = 0;P2_2 = 1;//CBA = 001
  54   2            break;
C51 COMPILER V9.54   MAIN                                                                  03/09/2023 22:31:05 PAGE 2   

  55   2          case 8:
  56   2            P2_4 = 0;P2_3 = 0;P2_2 = 0;//CBA = 000
  57   2            break;
  58   2        }
  59   1        //数字赋值
  60   1        P0 = number;
  61   1      }
  62          
  63          //延时函数xms参数单位为毫秒
  64          void Delay(unsigned char xms)   //@11.0592MHz
  65          {
  66   1        unsigned char i, j;
  67   1      
  68   1        while(xms--){
  69   2          _nop_();
  70   2          i = 2;
  71   2          j = 199;
  72   2          do
  73   2          {
  74   3            while (--j);
  75   3          } while (--i);
  76   2        }
  77   1      }
  78          


MODULE INFORMATION:   STATIC OVERLAYABLE
   CODE SIZE        =    175    ----
   CONSTANT SIZE    =   ----    ----
   XDATA SIZE       =   ----    ----
   PDATA SIZE       =   ----    ----
   DATA SIZE        =     11    ----
   IDATA SIZE       =   ----    ----
   BIT SIZE         =   ----    ----
END OF MODULE INFORMATION.


C51 COMPILATION COMPLETE.  0 WARNING(S),  0 ERROR(S)
