C51 COMPILER V9.54   I2C                                                                   03/24/2023 23:09:56 PAGE 1   


C51 COMPILER V9.54, COMPILATION OF MODULE I2C
OBJECT MODULE PLACED IN .\Objects\I2C.obj
COMPILER INVOKED BY: D:\Keil5\C51\BIN\C51.EXE I2C.c OPTIMIZE(8,SPEED) BROWSE DEBUG OBJECTEXTEND PRINT(.\Listings\I2C.lst
                    -) TABS(2) OBJECT(.\Objects\I2C.obj)

line level    source

   1          #include <REGX52.H>
   2          #include "I2C.h"
   3          
   4          
   5          /**
   6            * @brief I2C开始
   7            * @param 无
   8            * @retval 无
   9            */
  10          void I2C_start(void)
  11          {
  12   1        I2C_SCL = 0;
  13   1        I2C_SDA = 1;
  14   1        I2C_SCL = 1;
  15   1        I2C_SDA = 0;
  16   1        I2C_SCL = 0;
  17   1      }
  18          
  19          
  20          /**
  21            * @brief I2C结束
  22            * @param 无
  23            * @retval 无
  24            */
  25          void I2C_stop(void)
  26          {
  27   1        I2C_SDA = 0;
  28   1        I2C_SCL = 1;  
  29   1        I2C_SDA = 1;
  30   1      }
  31          
  32          
  33          /**
  34            * @brief I2C发送一个字节
  35            * @param 要发送的字节
  36            * @retval 无
  37            */
  38          void I2C_sendByte(unsigned char byte)
  39          {
  40   1        unsigned char i;
  41   1        for(i=0;i<8;i++){
  42   2          I2C_SDA = (byte<<i) & 0x80;
  43   2          I2C_SCL = 1;
  44   2          I2C_SCL = 0;
  45   2        }
  46   1      }
  47          
  48          
  49          /**
  50            * @brief I2C接收一个字节
  51            * @param 无
  52            * @retval 接收到的字节
  53            */
  54          unsigned char I2C_receiveByte(void)
C51 COMPILER V9.54   I2C                                                                   03/24/2023 23:09:56 PAGE 2   

  55          {
  56   1        unsigned char Data = 0x00,i;
  57   1        
  58   1        I2C_SDA = 1;
  59   1        for(i=0;i<8;i++)
  60   1        {
  61   2          I2C_SCL = 1;
  62   2          if(I2C_SDA){Data |= (0x80>>i);}
  63   2          I2C_SCL = 0;
  64   2        }
  65   1        return Data;
  66   1      }
  67          
  68          
  69          /**
  70            * @brief I2C发送应答(0为应答，1为非应答)
  71            * @param 发送的应答
  72            * @retval 无
  73            */
  74          void I2C_sendACK(unsigned char Ackbit)
  75          {
  76   1        I2C_SDA = Ackbit & 0x01;
  77   1        I2C_SCL = 1;
  78   1        I2C_SCL = 0;
  79   1      }
  80          
  81          
  82          /**
  83            * @brief I2C接收应答
  84            * @param 无
  85            * @retval 接收到的应答
  86            */
  87          unsigned char I2C_receiveACK(void)
  88          {
  89   1        unsigned char Ackbit;
  90   1        I2C_SDA  = 1;
  91   1        I2C_SCL = 1;
  92   1        Ackbit = I2C_SDA;
  93   1        I2C_SCL = 0;
  94   1        return Ackbit;
  95   1      }


MODULE INFORMATION:   STATIC OVERLAYABLE
   CODE SIZE        =     93    ----
   CONSTANT SIZE    =   ----    ----
   XDATA SIZE       =   ----    ----
   PDATA SIZE       =   ----    ----
   DATA SIZE        =   ----    ----
   IDATA SIZE       =   ----    ----
   BIT SIZE         =   ----    ----
END OF MODULE INFORMATION.


C51 COMPILATION COMPLETE.  0 WARNING(S),  0 ERROR(S)
