C51 COMPILER V9.54   MAIN                                                                  03/24/2023 23:18:45 PAGE 1   


C51 COMPILER V9.54, COMPILATION OF MODULE MAIN
OBJECT MODULE PLACED IN .\Objects\main.obj
COMPILER INVOKED BY: D:\Keil5\C51\BIN\C51.EXE main.c OPTIMIZE(8,SPEED) BROWSE DEBUG OBJECTEXTEND PRINT(.\Listings\main.l
                    -st) TABS(2) OBJECT(.\Objects\main.obj)

line level    source

   1          #include <REGX52.H>
   2          #include "LCD1602.h"
   3          #include "Key.h"
   4          #include "I2C.h"
   5          #include "AT24C02.h"
   6          #include "Delay.h"
   7          
   8          void main(void)
   9          {
  10   1        unsigned char key;
  11   1        unsigned int num = 0;
  12   1        
  13   1        LCD_Init();
  14   1        LCD_ShowNum(1,1,num,5);
  15   1        
  16   1        while(1)
  17   1        {
  18   2          key = getKey();
  19   2          switch(key){
  20   3            case 1:
  21   3              if(num == 65535){num = 0;}
  22   3              else{num++;}
  23   3              LCD_ShowNum(1,1,num,5);
  24   3              break;
  25   3            case 2:
  26   3              if(num == 0){num = 65535;}
  27   3              else {num--;}
  28   3              LCD_ShowNum(1,1,num,5);
  29   3              break;
  30   3            case 3://读取数据（在开关机时会有一次P3_2=0，所以设置为读取）
  31   3              num = AT24C02_readByte(1)*256 + AT24C02_readByte(0);
  32   3              LCD_ShowNum(1,1,num,5);
  33   3              LCD_ShowString(2,1,"Read OK");
  34   3              Delay(1000);
  35   3              LCD_ShowString(2,1,"       ");
  36   3              break;
  37   3            case 4://保存数据
  38   3              AT24C02_writeByte(0, num%256);
  39   3              AT24C02_writeByte(1, num/256);
  40   3              LCD_ShowNum(1,1,num,5);
  41   3              LCD_ShowString(2,1,"Write OK");
  42   3              Delay(1000);
  43   3              LCD_ShowString(2,1,"        ");
  44   3              break;
  45   3          }
  46   2        }
  47   1      }


MODULE INFORMATION:   STATIC OVERLAYABLE
   CODE SIZE        =    252    ----
   CONSTANT SIZE    =     34    ----
   XDATA SIZE       =   ----    ----
   PDATA SIZE       =   ----    ----
C51 COMPILER V9.54   MAIN                                                                  03/24/2023 23:18:45 PAGE 2   

   DATA SIZE        =   ----       2
   IDATA SIZE       =   ----    ----
   BIT SIZE         =   ----    ----
END OF MODULE INFORMATION.


C51 COMPILATION COMPLETE.  0 WARNING(S),  0 ERROR(S)
