C51 COMPILER V9.54   MAIN                                                                  03/28/2023 14:13:04 PAGE 1   


C51 COMPILER V9.54, COMPILATION OF MODULE MAIN
OBJECT MODULE PLACED IN .\Objects\main.obj
COMPILER INVOKED BY: D:\Keil5\C51\BIN\C51.EXE main.c OPTIMIZE(8,SPEED) BROWSE DEBUG OBJECTEXTEND PRINT(.\Listings\main.l
                    -st) TABS(2) OBJECT(.\Objects\main.obj)

line level    source

   1          #include <REGX52.H>
   2          #include "myLCD1602.h"
   3          
   4          void main(void)
   5          {
   6   1        LCD_Init();
   7   1        LCD_ShowChar(1,1,'@');
   8   1        LCD_ShowString(2,1,"Hello!");
   9   1        LCD_ShowNum(1,3,789,3);
  10   1        LCD_ShowSignedNum(1,7,-99,2);
  11   1        LCD_ShowHexNum(1,11,0xB2,2);
  12   1        LCD_ShowBinNum(2,8,0xA2,8);
  13   1        while(1){}
  14   1      }


MODULE INFORMATION:   STATIC OVERLAYABLE
   CODE SIZE        =     81    ----
   CONSTANT SIZE    =      7    ----
   XDATA SIZE       =   ----    ----
   PDATA SIZE       =   ----    ----
   DATA SIZE        =   ----    ----
   IDATA SIZE       =   ----    ----
   BIT SIZE         =   ----    ----
END OF MODULE INFORMATION.


C51 COMPILATION COMPLETE.  0 WARNING(S),  0 ERROR(S)
