C51 COMPILER V9.54   AT24C02                                                               07/21/2023 22:09:11 PAGE 1   


C51 COMPILER V9.54, COMPILATION OF MODULE AT24C02
OBJECT MODULE PLACED IN .\Objects\AT24C02.obj
COMPILER INVOKED BY: D:\Keil5\C51\BIN\C51.EXE AT24C02.c OPTIMIZE(8,SPEED) BROWSE DEBUG OBJECTEXTEND PRINT(.\Listings\AT2
                    -4C02.lst) OBJECT(.\Objects\AT24C02.obj)

line level    source

   1          #include <REGX52.H>
   2          #include "AT24C02.h"
   3          #include "I2C.h"
   4          #include "Delay.h"
   5          
   6          /**
   7            * @brief 向AT24C02写一个数据
   8            * @param 写入的地址和写入的数据
   9            * @retval 无
  10            */
  11          void AT24C02_writeByte(unsigned char wordAddress, Data)
  12          {
  13   1              I2C_start();//开始I2C
  14   1              I2C_sendByte(AT24C02_ADDRESS);//发送模式（从机接收）
  15   1              I2C_receiveACK();
  16   1              I2C_sendByte(wordAddress);//发送写入地址
  17   1              I2C_receiveACK();
  18   1              I2C_sendByte(Data);//发送写入数据
  19   1              I2C_receiveACK();
  20   1              I2C_stop();//关闭I2C
  21   1              Delay(5);
  22   1      }
  23          
  24          
  25          /**
  26            * @brief 从AT24C02读取一个数据
  27            * @param 要读取的地址
  28            * @retval 读到的数据
  29            */
  30          unsigned char AT24C02_readByte(unsigned char wordAddress)
  31          {
  32   1              unsigned char Data;
  33   1              I2C_start();//开始I2C写
  34   1              I2C_sendByte(AT24C02_ADDRESS);//发送模式（从机接收）
  35   1              I2C_receiveACK();
  36   1              I2C_sendByte(wordAddress);//要读取的地址（发送要读取的地址）
  37   1              I2C_receiveACK();
  38   1              I2C_start();//开始I2C读
  39   1              I2C_sendByte(AT24C02_ADDRESS | 0x01);//读取模式（从机发送）
  40   1              I2C_receiveACK();
  41   1              Data = I2C_receiveByte();//读取一个字节
  42   1              I2C_sendACK(1);
  43   1              I2C_stop();//关闭I2C
  44   1              Delay(5);
  45   1              return Data;
  46   1      }


MODULE INFORMATION:   STATIC OVERLAYABLE
   CODE SIZE        =     98    ----
   CONSTANT SIZE    =   ----    ----
   XDATA SIZE       =   ----    ----
   PDATA SIZE       =   ----    ----
   DATA SIZE        =   ----       5
C51 COMPILER V9.54   AT24C02                                                               07/21/2023 22:09:11 PAGE 2   

   IDATA SIZE       =   ----    ----
   BIT SIZE         =   ----    ----
END OF MODULE INFORMATION.


C51 COMPILATION COMPLETE.  0 WARNING(S),  0 ERROR(S)
