C51 COMPILER V9.54   DS18B20                                                               07/21/2023 22:09:11 PAGE 1   


C51 COMPILER V9.54, COMPILATION OF MODULE DS18B20
OBJECT MODULE PLACED IN .\Objects\DS18B20.obj
COMPILER INVOKED BY: D:\Keil5\C51\BIN\C51.EXE DS18B20.c OPTIMIZE(8,SPEED) BROWSE DEBUG OBJECTEXTEND PRINT(.\Listings\DS1
                    -8B20.lst) OBJECT(.\Objects\DS18B20.obj)

line level    source

   1          #include <REGX52.H>
   2          #include "OneWire.h"
   3          #include "DS18B20.h"
   4          
   5          
   6          /**
   7            * @brief 将温度写入到缓存中
   8            * @param 无
   9            * @retval 无
  10            */
  11          void DS18B20_ConvertT(void)
  12          {
  13   1              OneWire_Init();
  14   1              OneWire_sendByte(SKIP_ROM);
  15   1              OneWire_sendByte(CONVERT_T);
  16   1      }
  17          
  18          
  19          /**
  20                  * @brief 从缓存中读取温度并转化为浮点数
  21            * @param 无
  22            * @retval 转化后的温度
  23            */
  24          float DS18B20_readT(void)
  25          {
  26   1              unsigned char TLSB,TMSB;
  27   1              int temp;
  28   1              float T;
  29   1              
  30   1              OneWire_Init();
  31   1              OneWire_sendByte(SKIP_ROM);
  32   1              OneWire_sendByte(READ_SCRATCHPAD);
  33   1              TLSB = OneWire_receiveByte();
  34   1              TMSB = OneWire_receiveByte();
  35   1              temp = (TMSB<<8) | TLSB;//???不知道原理
  36   1              T = temp/16.0;
  37   1              return T;
  38   1      }


MODULE INFORMATION:   STATIC OVERLAYABLE
   CODE SIZE        =     57    ----
   CONSTANT SIZE    =   ----    ----
   XDATA SIZE       =   ----    ----
   PDATA SIZE       =   ----    ----
   DATA SIZE        =   ----       1
   IDATA SIZE       =   ----    ----
   BIT SIZE         =   ----    ----
END OF MODULE INFORMATION.


C51 COMPILATION COMPLETE.  0 WARNING(S),  0 ERROR(S)
