C51 COMPILER V9.54   INT0                                                                  07/21/2023 22:09:11 PAGE 1   


C51 COMPILER V9.54, COMPILATION OF MODULE INT0
OBJECT MODULE PLACED IN .\Objects\INT0.obj
COMPILER INVOKED BY: D:\Keil5\C51\BIN\C51.EXE INT0.c OPTIMIZE(8,SPEED) BROWSE DEBUG OBJECTEXTEND PRINT(.\Listings\INT0.l
                    -st) OBJECT(.\Objects\INT0.obj)

line level    source

   1          #include <REGX52.H>
   2          
   3          
   4          /**
   5          * @brief 外部中断初始化
   6            * @param 无
   7            * @retval 无
   8            */
   9          void Int0_Init(void)
  10          {
  11   1              IT0 = 1;
  12   1              IE0 = 0;
  13   1              EX0 = 1;
  14   1              EA = 1;
  15   1              PX0 = 1;
  16   1      }
  17                  
  18          
  19          
  20          /**
  21            * @brief 中断调用模板
  22            * @param 无
  23            * @retval 无
  24            */
  25          /*
  26          void Int0_Routine(void) interrupt 0
  27          {
  28                  
  29          }
  30          */


MODULE INFORMATION:   STATIC OVERLAYABLE
   CODE SIZE        =     11    ----
   CONSTANT SIZE    =   ----    ----
   XDATA SIZE       =   ----    ----
   PDATA SIZE       =   ----    ----
   DATA SIZE        =   ----    ----
   IDATA SIZE       =   ----    ----
   BIT SIZE         =   ----    ----
END OF MODULE INFORMATION.


C51 COMPILATION COMPLETE.  0 WARNING(S),  0 ERROR(S)
