C51 COMPILER V9.54   MAIN                                                                  07/28/2023 23:47:37 PAGE 1   


C51 COMPILER V9.54, COMPILATION OF MODULE MAIN
OBJECT MODULE PLACED IN .\Objects\main.obj
COMPILER INVOKED BY: D:\Keil5\C51\BIN\C51.EXE main.c OPTIMIZE(8,SPEED) BROWSE DEBUG OBJECTEXTEND PRINT(.\Listings\main.l
                    -st) OBJECT(.\Objects\main.obj)

line level    source

   1          #include <REGX52.H>
   2          #include "IR.h"
   3          #include "Motor.h"
   4          #include "DS18B20.h"
   5          #include "AT24C02.h"
   6          #include "LCD1602.h"
   7          #include "Delay.h"
   8          
   9          #define Motor 1
  10          #define DS18B20 1
  11          
  12          unsigned char Speed = 0,Command;
  13          char Thigh = 0,Tlow = 0;
  14          float T;
  15          
  16          void main(void)
  17          {
  18   1              LCD_Init();
  19   1              
  20   1              #if DS18B20
  21   1              IR_Init();
  22   1              #endif
  23   1              
  24   1              #if Motor
  25   1              Motor_Init();
  26   1              #endif
  27   1              
  28   1              LCD_ShowString(1,1,"T:");
  29   1              LCD_ShowString(2,1,"TH:");
  30   1              LCD_ShowString(2,9,"TL:");
  31   1              
  32   1              while(1)
  33   1              {
  34   2                      //数据读取
  35   2                      #if DS18B20
  36   2                      
  37   2                      DS18B20_ConvertT();
  38   2                      T = DS18B20_readT();
  39   2                      Thigh = AT24C02_readByte(1);
  40   2                      Tlow = AT24C02_readByte(0);
  41   2                      
  42   2                      //显示实时温度
  43   2                      if(T<0)
  44   2                      {
  45   3                              LCD_ShowChar(1,3,'-');
  46   3                              T = -T;
  47   3                      }
  48   2                      else 
  49   2                      {
  50   3                              LCD_ShowChar(1,3,'+');
  51   3                      }
  52   2                      
  53   2                      LCD_ShowNum(1,4,T,3);
  54   2                      LCD_ShowChar(1,7,'.');
C51 COMPILER V9.54   MAIN                                                                  07/28/2023 23:47:37 PAGE 2   

  55   2                      LCD_ShowNum(1,8,(unsigned long)(T*100)%100,3);
  56   2                      
  57   2                      //根据按键控制上下限和使用EEPROM持久化
  58   2                      if(IR_getDataFlag())
  59   2                      {
  60   3                              Command = IR_getCommand();
  61   3                              switch(Command)
  62   3                              {
  63   4                                      #if Motor
  64   4                                      case IR_0:
  65   4                                              Speed = 0;
  66   4                                              break;
  67   4                                      case IR_1:
  68   4                                              Speed = 1;
  69   4                                              break;
  70   4                                      case IR_2:
  71   4                                              Speed = 2;
  72   4                                              break;
  73   4                                      case IR_3:
  74   4                                              Speed = 3;
  75   4                                              break;
  76   4                                      #endif
  77   4                                      
  78   4                                      case IR_VOL_ADD:
  79   4                                              Thigh++;
  80   4                                              if(Thigh>125){Thigh = 125;}
  81   4                                              break;
  82   4                                      case IR_VOL_MINUS:
  83   4                                              Thigh--;
  84   4                                              if(Thigh<Tlow){Thigh = Tlow;}
  85   4                                              break;
  86   4                                      case IR_NEXT:
  87   4                                              Tlow++;
  88   4                                              if(Tlow>Thigh){Tlow = Thigh;}
  89   4                                              break;
  90   4                                      case IR_PREVIOUS:
  91   4                                              Tlow--;
  92   4                                              if(Tlow<-55){Tlow = -55;}
  93   4                                              break;
  94   4                              
  95   4                              }
  96   3                              
  97   3                              AT24C02_writeByte(1,Thigh);
  98   3                              AT24C02_writeByte(0,Tlow);
  99   3                              
 100   3                      }
 101   2                      
 102   2                      #if Motor
 103   2                      Motor_setSpeed(Speed);
 104   2                      #endif
 105   2                      
 106   2                      LCD_ShowSignedNum(2,4,Thigh,3);
 107   2                      LCD_ShowSignedNum(2,12,Tlow,3);
 108   2                      
 109   2                      //显示温度报警
 110   2                      if(T > Thigh){
 111   3                              
 112   3                              Delay(40);
 113   3                              DS18B20_ConvertT();
 114   3                              T = DS18B20_readT();
 115   3                              
 116   3                              if (T > Thigh) {
C51 COMPILER V9.54   MAIN                                                                  07/28/2023 23:47:37 PAGE 3   

 117   4                              LCD_ShowString(1,13,"OV:H");
 118   4                              Speed = 3; 
 119   4                              }
 120   3                      }
 121   2                      else if(T < Tlow){
 122   3                              
 123   3                              Delay(40);
 124   3                              DS18B20_ConvertT();
 125   3                              T = DS18B20_readT();
 126   3                              
 127   3                              if (T < Tlow) {
 128   4                              LCD_ShowString(1,13,"OV:L");
 129   4                              Speed = 0;
 130   4                              }
 131   3                      }
 132   2                      else {LCD_ShowString(1,13,"    ");}
 133   2                      #endif
 134   2                      
 135   2              }
 136   1      }


MODULE INFORMATION:   STATIC OVERLAYABLE
   CODE SIZE        =    590    ----
   CONSTANT SIZE    =     26    ----
   XDATA SIZE       =   ----    ----
   PDATA SIZE       =   ----    ----
   DATA SIZE        =      8    ----
   IDATA SIZE       =   ----    ----
   BIT SIZE         =   ----    ----
END OF MODULE INFORMATION.


C51 COMPILATION COMPLETE.  0 WARNING(S),  0 ERROR(S)
