C51 COMPILER V9.54   MOTOR                                                                 07/28/2023 23:25:30 PAGE 1   


C51 COMPILER V9.54, COMPILATION OF MODULE MOTOR
OBJECT MODULE PLACED IN .\Objects\Motor.obj
COMPILER INVOKED BY: D:\Keil5\C51\BIN\C51.EXE Motor.c OPTIMIZE(8,SPEED) BROWSE DEBUG OBJECTEXTEND PRINT(.\Listings\Motor
                    -.lst) OBJECT(.\Objects\Motor.obj)

line level    source

   1          #include <REGX52.H>
   2          #include "Timer1.h"
   3          
   4          sbit motor=P1^0;
   5          
   6          unsigned char compare = 0;
   7          
   8          /**
   9            * @brief 电机初始化
  10            * @param 无
  11            * @retval 无
  12            */
  13          void Motor_Init(void)
  14          {
  15   1              Timer1Init();
  16   1      }
  17          
  18          /**
  19            * @brief 设置电机转速档位
  20            * @param 转速档位
  21            * @retval 无
  22            */
  23          void Motor_setSpeed(unsigned char speed)
  24          {
  25   1              switch(speed){
  26   2                      case 0:
  27   2                              compare = 0;
  28   2                              break;
  29   2                      case 1:
  30   2                              compare = 4;
  31   2                              break;
  32   2                      case 2:
  33   2                              compare = 8;
  34   2                              break;
  35   2                      case 3:
  36   2                              compare = 10;
  37   2                              break;
  38   2              }
  39   1      }
  40          
  41          //通过不间断的改变电机运动状态来改变转速(周期性)
  42          void Timer1_Rountine(void) interrupt 3
  43          {
  44   1              static unsigned int count = 0;
  45   1              TL1 = 0x00;             //设置定时初值
  46   1              TH1 = 0xDC;             //设置定时初值
  47   1              
  48   1              count++;
  49   1              count %= 10;
  50   1              if(count>=compare){motor=0;}
  51   1              else {motor=1;}
  52   1      }


C51 COMPILER V9.54   MOTOR                                                                 07/28/2023 23:25:30 PAGE 2   

MODULE INFORMATION:   STATIC OVERLAYABLE
   CODE SIZE        =    114    ----
   CONSTANT SIZE    =   ----    ----
   XDATA SIZE       =   ----    ----
   PDATA SIZE       =   ----    ----
   DATA SIZE        =      3    ----
   IDATA SIZE       =   ----    ----
   BIT SIZE         =   ----    ----
END OF MODULE INFORMATION.


C51 COMPILATION COMPLETE.  0 WARNING(S),  0 ERROR(S)
