C51 COMPILER V9.54   TIMER1                                                                07/23/2023 18:58:41 PAGE 1   


C51 COMPILER V9.54, COMPILATION OF MODULE TIMER1
OBJECT MODULE PLACED IN .\Objects\Timer1.obj
COMPILER INVOKED BY: D:\Keil5\C51\BIN\C51.EXE Timer1.c OPTIMIZE(8,SPEED) BROWSE DEBUG OBJECTEXTEND PRINT(.\Listings\Time
                    -r1.lst) OBJECT(.\Objects\Timer1.obj)

line level    source

   1          #include "Timer1.h"
   2          #include <REGX52.H>
   3          
   4          /**
   5            * @brief 初始化定时器1计时1ms
   6            * @param 无
   7            * @retval 无
   8            */
   9          void Timer1Init(void)           //1毫秒@11.0592MHz
  10          {
  11   1              TMOD &= 0x0F;           //设置定时器模式
  12   1              TMOD |= 0x10;           //设置定时器模式
  13   1              TL1 = 0x66;             //设置定时初值
  14   1              TH1 = 0xFC;             //设置定时初值
  15   1              TF1 = 0;                //清除TF1标志
  16   1              TR1 = 1;                //定时器1开始计时
  17   1      
  18   1              ET1 = 1;//配置定时器1中断
  19   1              EA = 1;//总中断
  20   1              PT1 = 0;//中断优先级
  21   1      }
  22          
  23          
  24          
  25          //定时器1中断调用模板，此为1秒模板
  26          /*
  27          void Timer1_Rountine(void) interrupt 3
  28          {
  29                  static unsigned int count = 0;
  30                  TL1 = 0x66;             //设置定时初值
  31                  TH1 = 0xFC;             //设置定时初值
  32                  count++;
  33                  
  34                  if(count == 1000)//控制执行次数，每次1ms
  35                  {
  36                          count = 0;
  37          
  38                  }
  39          }
  40          */


MODULE INFORMATION:   STATIC OVERLAYABLE
   CODE SIZE        =     23    ----
   CONSTANT SIZE    =   ----    ----
   XDATA SIZE       =   ----    ----
   PDATA SIZE       =   ----    ----
   DATA SIZE        =   ----    ----
   IDATA SIZE       =   ----    ----
   BIT SIZE         =   ----    ----
END OF MODULE INFORMATION.


C51 COMPILATION COMPLETE.  0 WARNING(S),  0 ERROR(S)
