C51 COMPILER V9.54   TIMER2                                                                07/28/2023 22:37:46 PAGE 1   


C51 COMPILER V9.54, COMPILATION OF MODULE TIMER2
OBJECT MODULE PLACED IN .\Objects\Timer2.obj
COMPILER INVOKED BY: D:\Keil5\C51\BIN\C51.EXE Timer2.c OPTIMIZE(8,SPEED) BROWSE DEBUG OBJECTEXTEND PRINT(.\Listings\Time
                    -r2.lst) OBJECT(.\Objects\Timer2.obj)

line level    source

   1          #include <REGX52.H>
   2          
   3          /**
   4            * @brief 定时器2初始化
   5            * @param 无
   6            * @retval 无
   7            */
   8          void Timer2_Init(void)
   9          {
  10   1              T2MOD = 0x00;           //初始化模式寄存器
  11   1              T2CON = 0x00;           //初始化控制寄存器
  12   1              TL2 = 0x00;             //设置定时初值
  13   1              TH2 = 0xB8;             //设置定时初值
  14   1              RCAP2L = 0x00;          //设置定时重载值
  15   1              RCAP2H = 0xB8;          //设置定时重载值
  16   1              TR2 = 1;                //定时器2开始计时
  17   1              
  18   1              ET2 = 1;//配置定时器2中断
  19   1              EA = 1;//总中断
  20   1              PT2 = 0;//中断优先级
  21   1              
  22   1      }
  23          
  24          /**
  25            * @brief 设置定时器2计数值
  26            * @param 计数值
  27            * @retval 无
  28            */
  29          void Timer2_SetCount(unsigned int count){
  30   1              TH2 = (65536 - count)/256;
  31   1              TL2 = (65536 - count)%256;
  32   1      }
  33          
  34          /**
  35            * @brief 设置定时器2运行状态
  36            * @param 1或0，代表运行或不运行
  37            * @retval 无
  38            */
  39          void Timer2_Run(unsigned char Run_State){
  40   1              TR2 = Run_State;
  41   1      }
  42          
  43          //定时器2中断函数
  44          /*
  45          void Timer2_Routine(void) interrupt 5
  46          {
  47                  
  48          }
  49          */


MODULE INFORMATION:   STATIC OVERLAYABLE
   CODE SIZE        =    103    ----
   CONSTANT SIZE    =   ----    ----
C51 COMPILER V9.54   TIMER2                                                                07/28/2023 22:37:46 PAGE 2   

   XDATA SIZE       =   ----    ----
   PDATA SIZE       =   ----    ----
   DATA SIZE        =   ----       2
   IDATA SIZE       =   ----    ----
   BIT SIZE         =   ----    ----
END OF MODULE INFORMATION.


C51 COMPILATION COMPLETE.  0 WARNING(S),  0 ERROR(S)
