C51 COMPILER V9.54   AT24C02                                                               07/21/2023 22:34:12 PAGE 1   


C51 COMPILER V9.54, COMPILATION OF MODULE AT24C02
OBJECT MODULE PLACED IN .\Objects\AT24C02.obj
COMPILER INVOKED BY: D:\Keil5\C51\BIN\C51.EXE ..\12.2¶¨Ê±Æ÷É¨Ãè\AT24C02.c OPTIMIZE(8,SPEED) BROWSE DEBUG OBJECTEXTEND PR
                    -INT(.\Listings\AT24C02.lst) OBJECT(.\Objects\AT24C02.obj)

line level    source

   1          #include <REGX52.H>
   2          #include "AT24C02.h"
   3          #include "I2C.h"
   4          #include "Delay.h"
   5          
   6          /**
   7            * @brief å‘AT24C02å†™ä¸€ä¸ªæ•°æ®
   8            * @param å†™å…¥çš„åœ°å€å’Œå†™å…¥çš„æ•°æ®
   9            * @retval æ— 
  10            */
  11          void AT24C02_writeByte(unsigned char wordAddress, Data)
  12          {
  13   1              I2C_start();//å¼€å§‹I2C
  14   1              I2C_sendByte(AT24C02_ADDRESS);//å‘é€æ¨¡å¼ï¼ˆä»æœºæ¥æ”¶ï¼‰
  15   1              I2C_receiveACK();
  16   1              I2C_sendByte(wordAddress);//å‘é€å†™å…¥åœ°å€
  17   1              I2C_receiveACK();
  18   1              I2C_sendByte(Data);//å‘é€å†™å…¥æ•°æ®
  19   1              I2C_receiveACK();
  20   1              I2C_stop();//å…³é—­I2C
  21   1              Delay(5);
  22   1      }
  23          
  24          
  25          /**
  26            * @brief ä»AT24C02è¯»å–ä¸€ä¸ªæ•°æ®
  27            * @param è¦è¯»å–çš„åœ°å€
  28            * @retval è¯»åˆ°çš„æ•°æ®
  29            */
  30          unsigned char AT24C02_readByte(unsigned char wordAddress)
  31          {
  32   1              unsigned char Data;
  33   1              I2C_start();//å¼€å§‹I2Cå†™
  34   1              I2C_sendByte(AT24C02_ADDRESS);//å‘é€æ¨¡å¼ï¼ˆä»æœºæ¥æ”¶ï¼‰
  35   1              I2C_receiveACK();
  36   1              I2C_sendByte(wordAddress);//è¦è¯»å–çš„åœ°å€ï¼ˆå‘é€è¦è¯»å–çš„åœ°å€ï¼‰
  37   1              I2C_receiveACK();
  38   1              I2C_start();//å¼€å§‹I2Cè¯»
  39   1              I2C_sendByte(AT24C02_ADDRESS | 0x01);//è¯»å–æ¨¡å¼ï¼ˆä»æœºå‘é€ï¼‰
  40   1              I2C_receiveACK();
  41   1              Data = I2C_receiveByte();//è¯»å–ä¸€ä¸ªå­—èŠ‚
  42   1              I2C_sendACK(1);
  43   1              I2C_stop();//å…³é—­I2C
  44   1              Delay(5);
  45   1              return Data;
  46   1      }


MODULE INFORMATION:   STATIC OVERLAYABLE
   CODE SIZE        =     98    ----
   CONSTANT SIZE    =   ----    ----
   XDATA SIZE       =   ----    ----
   PDATA SIZE       =   ----    ----
   DATA SIZE        =   ----       5
C51 COMPILER V9.54   AT24C02                                                               07/21/2023 22:34:12 PAGE 2   

   IDATA SIZE       =   ----    ----
   BIT SIZE         =   ----    ----
END OF MODULE INFORMATION.


C51 COMPILATION COMPLETE.  0 WARNING(S),  0 ERROR(S)
