C51 COMPILER V9.54   KEY                                                                   03/25/2023 14:40:54 PAGE 1   


C51 COMPILER V9.54, COMPILATION OF MODULE KEY
OBJECT MODULE PLACED IN .\Objects\Key.obj
COMPILER INVOKED BY: D:\Keil5\C51\BIN\C51.EXE Key.c OPTIMIZE(8,SPEED) BROWSE DEBUG OBJECTEXTEND PRINT(.\Listings\Key.lst
                    -) TABS(2) OBJECT(.\Objects\Key.obj)

line level    source

   1          #include <REGX52.H>
   2          
   3          static unsigned char resultKey = 0,temp;//用来返回的key
   4          
   5          /**
   6            * @brief 返回按下的按键标号
   7            * @param 无
   8            * @retval 按下的按键标号
   9            */
  10          unsigned char Key(void)
  11          {
  12   1        temp = resultKey;
  13   1        resultKey = 0;
  14   1        return temp;
  15   1      }
  16          
  17          /**
  18            * @brief 用来判别按键按下的信号
  19            * @param 无
  20            * @retval 按键标号（0-4）,无按键按下时为0
  21            */
  22          unsigned char getKey(void)
  23          {
  24   1        unsigned char Key_number = 0;
  25   1        if(P3_1 == 0){
  26   2          Key_number = 1;
  27   2        }else if(P3_0 == 0){
  28   2          Key_number = 2;
  29   2        }else if(P3_2 == 0){
  30   2          Key_number = 3;
  31   2        }else if(P3_3 == 0){
  32   2          Key_number = 4;
  33   2        }
  34   1        return Key_number;
  35   1      }
  36          
  37          
  38          /**
  39            * @brief 扫描key按下的下降沿
  40            * @param 无
  41            * @retval 无
  42            */
  43          void Key_scan(void)
  44          {
  45   1        static unsigned char nowkey,lastkey = 0;
  46   1        nowkey = getKey();
  47   1        if(lastkey == 1 && nowkey == 0){resultKey = 1;}
  48   1        if(lastkey == 2 && nowkey == 0){resultKey = 2;}
  49   1        if(lastkey == 3 && nowkey == 0){resultKey = 3;}
  50   1        if(lastkey == 4 && nowkey == 0){resultKey = 4;}
  51   1        lastkey = nowkey;
  52   1      }
  53          
  54          
C51 COMPILER V9.54   KEY                                                                   03/25/2023 14:40:54 PAGE 2   

  55          /*定时器扫描模板
  56          void Timer0_Rountine(void) interrupt 1
  57          {
  58            static unsigned int T0count = 0;
  59            TL0 = 0x66;   //设置定时初值
  60            TH0 = 0xFC;   //设置定时初值
  61            
  62            T0count++;
  63            if(T0count == 20)//控制执行次数，每次1ms
  64            {
  65              Key_scan();
  66              T0count = 0;
  67            }
  68          }
  69          */


MODULE INFORMATION:   STATIC OVERLAYABLE
   CODE SIZE        =     94    ----
   CONSTANT SIZE    =   ----    ----
   XDATA SIZE       =   ----    ----
   PDATA SIZE       =   ----    ----
   DATA SIZE        =      4    ----
   IDATA SIZE       =   ----    ----
   BIT SIZE         =   ----    ----
END OF MODULE INFORMATION.


C51 COMPILATION COMPLETE.  0 WARNING(S),  0 ERROR(S)
