C51 COMPILER V9.54   MAIN                                                                  03/25/2023 15:04:44 PAGE 1   


C51 COMPILER V9.54, COMPILATION OF MODULE MAIN
OBJECT MODULE PLACED IN .\Objects\main.obj
COMPILER INVOKED BY: D:\Keil5\C51\BIN\C51.EXE main.c OPTIMIZE(8,SPEED) BROWSE DEBUG OBJECTEXTEND PRINT(.\Listings\main.l
                    -st) TABS(2) OBJECT(.\Objects\main.obj)

line level    source

   1          #include <REGX52.H>
   2          #include "Nixie.h"
   3          #include "Timer0.h"
   4          #include "Key.h"
   5          #include "AT24C02.h"
   6          
   7          unsigned char KeyNumber,Min=0,Sec=0,miniSec=0;
   8          unsigned char runflag=1;
   9          
  10          void main(void)
  11          {
  12   1        Timer0Init();
  13   1        while(1){
  14   2          KeyNumber = Key();
  15   2          switch(KeyNumber)
  16   2          {
  17   3            case 1:
  18   3              runflag = !runflag;
  19   3              break;
  20   3            case 2:
  21   3              Min = 0;
  22   3              Sec = 0;
  23   3              miniSec = 0;
  24   3              break;
  25   3            case 3:
  26   3              AT24C02_writeByte(0,Min);
  27   3              AT24C02_writeByte(1,Sec);
  28   3              AT24C02_writeByte(2,miniSec);
  29   3              break;
  30   3            case 4:
  31   3              Min = AT24C02_readByte(0);
  32   3              Sec = AT24C02_readByte(1);
  33   3              miniSec = AT24C02_readByte(2);
  34   3              break;
  35   3          }
  36   2          Nixie_setNum(1,Min/10);
  37   2          Nixie_setNum(2,Min%10);
  38   2          Nixie_setNum(3,11);
  39   2          Nixie_setNum(4,Sec/10);
  40   2          Nixie_setNum(5,Sec%10);
  41   2          Nixie_setNum(6,11);
  42   2          Nixie_setNum(7,miniSec/10);
  43   2          Nixie_setNum(8,miniSec%10);
  44   2        }
  45   1      }
  46          
  47          void Sec_loop(void)
  48          {
  49   1        if(runflag){
  50   2          miniSec++;
  51   2          if(miniSec>=100)
  52   2          {
  53   3            miniSec %= 100;
  54   3            Sec++;
C51 COMPILER V9.54   MAIN                                                                  03/25/2023 15:04:44 PAGE 2   

  55   3            if(Sec>=60)
  56   3            {
  57   4              Sec %= 60;
  58   4              Min++;
  59   4              if(Min >= 60)
  60   4              {
  61   5                Min = 0;
  62   5              }
  63   4            }
  64   3          }
  65   2        }
  66   1      }
  67          
  68          void Timer0_Rountine(void) interrupt 1
  69          {
  70   1        static unsigned int count1 = 0,count2 = 0,count3=0;
  71   1        TL0 = 0x66;   //设置定时初值
  72   1        TH0 = 0xFC;   //设置定时初值
  73   1        
  74   1        count1++;
  75   1        if(count1 >= 20)//控制执行次数，每次1ms
  76   1        {
  77   2          Key_scan();
  78   2          count1 = 0;
  79   2        }
  80   1        count2++;
  81   1        if(count2 >= 2)
  82   1        {
  83   2          Nixie_scan();
  84   2          count2 = 0;
  85   2        }
  86   1        count3++;
  87   1        if(count3 >= 10)
  88   1        {
  89   2          Sec_loop();
  90   2          count3 = 0;
  91   2        }
  92   1      }


MODULE INFORMATION:   STATIC OVERLAYABLE
   CODE SIZE        =    404    ----
   CONSTANT SIZE    =   ----    ----
   XDATA SIZE       =   ----    ----
   PDATA SIZE       =   ----    ----
   DATA SIZE        =     11    ----
   IDATA SIZE       =   ----    ----
   BIT SIZE         =   ----    ----
END OF MODULE INFORMATION.


C51 COMPILATION COMPLETE.  0 WARNING(S),  0 ERROR(S)
