C51 COMPILER V9.54   NIXIE                                                                 03/25/2023 14:40:54 PAGE 1   


C51 COMPILER V9.54, COMPILATION OF MODULE NIXIE
OBJECT MODULE PLACED IN .\Objects\Nixie.obj
COMPILER INVOKED BY: D:\Keil5\C51\BIN\C51.EXE Nixie.c OPTIMIZE(8,SPEED) BROWSE DEBUG OBJECTEXTEND PRINT(.\Listings\Nixie
                    -.lst) TABS(2) OBJECT(.\Objects\Nixie.obj)

line level    source

   1          #include <Nixie.h>
   2          #include <REGX52.H>
   3          
   4          unsigned char numbers[9] = {0,10,10,10,10,10,10,10,10};
   5          unsigned char Number[] = {0x3f,0x06,0x5b,0x4f,0x66,
   6          0x6d,0x7d,0x07,0x7f,0x6f,0x00,0x40}; //给P0赋的值,代表了0到9的10个数字
   7          
   8          
   9          /**
  10            * @brief 设置数码管的显示值
  11            * @param 设置的位置(Location)和要显示的数字(num)
  12            * @retval 无
  13            */
  14          void Nixie_setNum(unsigned char Location,num)
  15          {
  16   1        numbers[Location] = num;
  17   1      }
  18          
  19          void Nixie(unsigned char Location, number){
  20   1        
  21   1        //通过给P2_4、P2_3、P2_2赋值来指定点亮的数码管
  22   1        //CBA指定点亮的数码管(Y0-Y7,最左为Y7)
  23   1        //case(1-8)为从左到右的第1到第8个数码管
  24   1        P0 = 0x00;
  25   1        switch(Location){
  26   2          case 1:
  27   2            P2_4 = 1;// C = 1
  28   2            P2_3 = 1;// B = 1
  29   2            P2_2 = 1;// A = 1
  30   2            break;
  31   2          case 2:
  32   2            P2_4 = 1;P2_3 = 1;P2_2 = 0;//CBA = 110
  33   2            break;
  34   2          case 3:
  35   2            P2_4 = 1;P2_3 = 0;P2_2 = 1;//CBA = 101
  36   2            break;
  37   2          case 4:
  38   2            P2_4 = 1;P2_3 = 0;P2_2 = 0;//CBA = 100
  39   2            break;
  40   2          case 5:
  41   2            P2_4 = 0;P2_3 = 1;P2_2 = 1;//CBA = 011
  42   2            break;
  43   2          case 6:
  44   2            P2_4 = 0;P2_3 = 1;P2_2 = 0;//CBA = 010
  45   2            break;
  46   2          case 7:
  47   2            P2_4 = 0;P2_3 = 0;P2_2 = 1;//CBA = 001
  48   2            break;
  49   2          case 8:
  50   2            P2_4 = 0;P2_3 = 0;P2_2 = 0;//CBA = 000
  51   2            break;
  52   2        }
  53   1        //给P0指定值来显示数字
  54   1        P0 = Number[number];
C51 COMPILER V9.54   NIXIE                                                                 03/25/2023 14:40:54 PAGE 2   

  55   1      }
  56          
  57          
  58          /**
  59            * @brief 扫描数码管并显示
  60            * @param 无
  61            * @retval 无
  62            */
  63          void Nixie_scan(void)
  64          {
  65   1        static unsigned char i = 0;
  66   1        
  67   1        i++;
  68   1        if(i>8){i=1;}
  69   1        Nixie(i,numbers[i]);
  70   1      }
  71          
  72          
  73          /*定时器扫描模板
  74          void Timer0_Rountine(void) interrupt 1
  75          {
  76            static unsigned int T0count = 0;
  77            TL0 = 0x66;   //设置定时初值
  78            TH0 = 0xFC;   //设置定时初值
  79            
  80            T0count++;
  81            if(T0count == 2)
  82            {
  83              Nixie_scan();
  84              T0count = 0;
  85            }
  86          }
  87          */


MODULE INFORMATION:   STATIC OVERLAYABLE
   CODE SIZE        =    137    ----
   CONSTANT SIZE    =   ----    ----
   XDATA SIZE       =   ----    ----
   PDATA SIZE       =   ----    ----
   DATA SIZE        =     22    ----
   IDATA SIZE       =   ----    ----
   BIT SIZE         =   ----    ----
END OF MODULE INFORMATION.


C51 COMPILATION COMPLETE.  0 WARNING(S),  0 ERROR(S)
