C51 COMPILER V9.54   MAIN                                                                  03/16/2023 09:31:42 PAGE 1   


C51 COMPILER V9.54, COMPILATION OF MODULE MAIN
OBJECT MODULE PLACED IN .\Objects\main.obj
COMPILER INVOKED BY: D:\Keil5\C51\BIN\C51.EXE main.c OPTIMIZE(8,SPEED) BROWSE DEBUG OBJECTEXTEND PRINT(.\Listings\main.l
                    -st) TABS(2) OBJECT(.\Objects\main.obj)

line level    source

   1          #include <REGX52.H>
   2          #include "LCD1602.h"
   3          #include "DS1302.h"
   4          #include "Delay.h"
   5          
   6          void main(void)
   7          {
   8   1        LCD_Init();
   9   1        DS1302_Init();
  10   1        DS1302_setTime();
  11   1        
  12   1        while(1)
  13   1        {
  14   2          DS1302_readTime();
  15   2          //年月日
  16   2          LCD_ShowNum(1,1,DS1302_time[0],2);
  17   2          LCD_ShowChar(1,3,':');
  18   2          LCD_ShowNum(1,4,DS1302_time[1],2);
  19   2          LCD_ShowChar(1,7,':');
  20   2          LCD_ShowNum(1,8,DS1302_time[2],2);
  21   2          //时分秒
  22   2          LCD_ShowNum(2,1,DS1302_time[3],2);
  23   2          LCD_ShowChar(2,3,':');
  24   2          LCD_ShowNum(2,4,DS1302_time[4],2);
  25   2          LCD_ShowChar(2,7,':');
  26   2          LCD_ShowNum(2,8,DS1302_time[5],2);
  27   2        }
  28   1      }


MODULE INFORMATION:   STATIC OVERLAYABLE
   CODE SIZE        =    141    ----
   CONSTANT SIZE    =   ----    ----
   XDATA SIZE       =   ----    ----
   PDATA SIZE       =   ----    ----
   DATA SIZE        =   ----    ----
   IDATA SIZE       =   ----    ----
   BIT SIZE         =   ----    ----
END OF MODULE INFORMATION.


C51 COMPILATION COMPLETE.  0 WARNING(S),  0 ERROR(S)
