C51 COMPILER V9.54   MAIN                                                                  03/08/2023 17:08:00 PAGE 1   


C51 COMPILER V9.54, COMPILATION OF MODULE MAIN
OBJECT MODULE PLACED IN .\Objects\main.obj
COMPILER INVOKED BY: D:\Keil5\C51\BIN\C51.EXE main.c OPTIMIZE(8,SPEED) BROWSE DEBUG OBJECTEXTEND PRINT(.\Listings\main.l
                    -st) TABS(2) OBJECT(.\Objects\main.obj)

line level    source

   1          #include <REGX52.H>
   2          
   3          void Nixie(unsigned char Location, number);
   4          
   5          char number[] = {0x3f,0x06,0x5b,0x4f,0x66,
   6          0x6d,0x7d,0x07,0x7f,0x6f,0x3f}; //代表从0到9的10个数字
   7          
   8          
   9          void main(){
  10   1        Nixie(3, number[6]);
  11   1        while(1);
  12   1      }
  13          
  14          
  15          void Nixie(unsigned char Location, number){
  16   1        
  17   1        //选中某个数码管
  18   1        //CBA为0到7分别代表从右到左的8个数码管(Y0-Y7)
  19   1        //case为1到8分别代表从左到右的8个数码管
  20   1        switch(Location){
  21   2          case 1:
  22   2            P2_4 = 1;// C = 1
  23   2            P2_3 = 1;// B = 1
  24   2            P2_2 = 1;// A = 1
  25   2            break;
  26   2          case 2:
  27   2            P2_4 = 1;P2_3 = 1;P2_2 = 0;//CBA = 110
  28   2            break;
  29   2          case 3:
  30   2            P2_4 = 1;P2_3 = 0;P2_2 = 1;//CBA = 101
  31   2            break;
  32   2          case 4:
  33   2            P2_4 = 1;P2_3 = 0;P2_2 = 0;//CBA = 100
  34   2            break;
  35   2          case 5:
  36   2            P2_4 = 0;P2_3 = 1;P2_2 = 1;//CBA = 011
  37   2            break;
  38   2          case 6:
  39   2            P2_4 = 0;P2_3 = 1;P2_2 = 0;//CBA = 010
  40   2            break;
  41   2          case 7:
  42   2            P2_4 = 0;P2_3 = 0;P2_2 = 1;//CBA = 001
  43   2            break;
  44   2          case 8:
  45   2            P2_4 = 0;P2_3 = 0;P2_2 = 0;//CBA = 000
  46   2            break;
  47   2        }
  48   1        P0 = number;
  49   1      }


MODULE INFORMATION:   STATIC OVERLAYABLE
   CODE SIZE        =    108    ----
   CONSTANT SIZE    =   ----    ----
C51 COMPILER V9.54   MAIN                                                                  03/08/2023 17:08:00 PAGE 2   

   XDATA SIZE       =   ----    ----
   PDATA SIZE       =   ----    ----
   DATA SIZE        =     11    ----
   IDATA SIZE       =   ----    ----
   BIT SIZE         =   ----    ----
END OF MODULE INFORMATION.


C51 COMPILATION COMPLETE.  0 WARNING(S),  0 ERROR(S)
