C51 COMPILER V9.54   TIMER0                                                                03/30/2023 16:41:36 PAGE 1   


C51 COMPILER V9.54, COMPILATION OF MODULE TIMER0
OBJECT MODULE PLACED IN .\Objects\Timer0.obj
COMPILER INVOKED BY: D:\Keil5\C51\BIN\C51.EXE Timer0.c OPTIMIZE(8,SPEED) BROWSE DEBUG OBJECTEXTEND PRINT(.\Listings\Time
                    -r0.lst) TABS(2) OBJECT(.\Objects\Timer0.obj)

line level    source

   1          #include "Timer0.h"
   2          #include <REGX52.H>
   3          
   4          void Timer0Init(void)
   5          {
   6   1        TMOD &= 0xF0;   //设置定时器模式
   7   1        TMOD |= 0x01;   //设置定时器模式
   8   1        TL0 = 0;    //设置定时初值
   9   1        TH0 = 0;    //设置定时初值
  10   1        TF0 = 0;    //清除TF0标志
  11   1        TR0 = 0;    //定时器0不计时
  12   1      }
  13          
  14          void Timer0_setCount(unsigned int value)
  15          {
  16   1        TH0 = value/256;
  17   1        TL0 = value%256;
  18   1      }
  19          
  20          void Timer0_run(unsigned char run)
  21          {
  22   1        TR0 = run;
  23   1      }
  24          
  25          unsigned int Timer0_getCount(void)
  26          {
  27   1        return (TH0<<8)|TL0;
  28   1      }


MODULE INFORMATION:   STATIC OVERLAYABLE
   CODE SIZE        =     42    ----
   CONSTANT SIZE    =   ----    ----
   XDATA SIZE       =   ----    ----
   PDATA SIZE       =   ----    ----
   DATA SIZE        =   ----    ----
   IDATA SIZE       =   ----    ----
   BIT SIZE         =   ----    ----
END OF MODULE INFORMATION.


C51 COMPILATION COMPLETE.  0 WARNING(S),  0 ERROR(S)
