C51 COMPILER V9.54   UART                                                                  03/14/2023 19:23:41 PAGE 1   


C51 COMPILER V9.54, COMPILATION OF MODULE UART
OBJECT MODULE PLACED IN .\Objects\Uart.obj
COMPILER INVOKED BY: D:\Keil5\C51\BIN\C51.EXE Uart.c OPTIMIZE(8,SPEED) BROWSE DEBUG OBJECTEXTEND PRINT(.\Listings\Uart.l
                    -st) TABS(2) OBJECT(.\Objects\Uart.obj)

line level    source

   1          #include <REGX52.H>
   2          
   3          /**
   4            * @brief 串口通信初始化
   5            * @param 无
   6            * @retval 无
   7            */
   8          void UartInit(void)   //4800bps@11.0592MHz
   9          {
  10   1        PCON &= 0x7F;   //波特率不倍速
  11   1        SCON = 0x50;    //8位数据,可变波特率
  12   1        TMOD &= 0x0F;   //清除定时器1模式位
  13   1        TMOD |= 0x20;   //设定定时器1为8位自动重装方式
  14   1        TL1 = 0xFA;   //设定定时初值
  15   1        TH1 = 0xFA;   //设定定时器重装值
  16   1        ET1 = 0;    //禁止定时器1中断
  17   1        TR1 = 1;    //启动定时器1
  18   1        EA = 1; //打开所有中断
  19   1        ES = 1; //打开串口中断
  20   1      }
  21          
  22          
  23          
  24          /**
  25            * @brief 向串口的SBUF放置一个字节的数据
  26            * @param 一个字节的数据
  27            * @retval 无
  28            */
  29          void Uart_sendByte(unsigned char byte)
  30          {
  31   1        SBUF = byte;
  32   1        while(TI == 0);
  33   1        TI = 0;
  34   1      }


MODULE INFORMATION:   STATIC OVERLAYABLE
   CODE SIZE        =     35    ----
   CONSTANT SIZE    =   ----    ----
   XDATA SIZE       =   ----    ----
   PDATA SIZE       =   ----    ----
   DATA SIZE        =   ----    ----
   IDATA SIZE       =   ----    ----
   BIT SIZE         =   ----    ----
END OF MODULE INFORMATION.


C51 COMPILATION COMPLETE.  0 WARNING(S),  0 ERROR(S)
