C51 COMPILER V9.54   MAIN                                                                  03/28/2023 15:57:45 PAGE 1   


C51 COMPILER V9.54, COMPILATION OF MODULE MAIN
OBJECT MODULE PLACED IN .\Objects\main.obj
COMPILER INVOKED BY: D:\Keil5\C51\BIN\C51.EXE main.c OPTIMIZE(8,SPEED) BROWSE DEBUG OBJECTEXTEND PRINT(.\Listings\main.l
                    -st) TABS(2) OBJECT(.\Objects\main.obj)

line level    source

   1          #include <REGX52.H>
   2          #include "Key.h"
   3          #include "Nixie.h"
   4          #include "Timer0.h"
   5          
   6          sbit LED0=P2^0;
   7          sbit motor=P1^0;
   8          
   9          unsigned char compare;
  10          unsigned char key,Speed = 0;
  11          
  12          void main(void)
  13          {
  14   1        Timer0Init();
  15   1        while(1)
  16   1        {
  17   2          key = getKey();
  18   2          if(key == 1)
  19   2          {
  20   3            Speed++;
  21   3            Speed %= 4;
  22   3            switch(Speed){
  23   4              case 0:
  24   4                compare = 0;
  25   4                break;
  26   4              case 1:
  27   4                compare = 50;
  28   4                break;
  29   4              case 2:
  30   4                compare = 75;
  31   4                break;
  32   4              case 3:
  33   4                compare = 100;
  34   4                break;
  35   4            }
  36   3          }
  37   2          Nixie(1,Speed);
  38   2        }
  39   1      }
  40          
  41          //通过不间断的改变电机运动状态来改变转速(周期性)
  42          void Timer0_Rountine(void) interrupt 1
  43          {
  44   1        static unsigned int count = 0;
  45   1        TL0 = 0xA4;   //设置定时初值
  46   1        TH0 = 0xFF;   //设置定时初值
  47   1        
  48   1        count++;
  49   1        count %= 100;
  50   1        if(count>=compare){LED0 = 1;motor=0;}
  51   1        else {LED0 = 0;motor=1;}
  52   1      }


C51 COMPILER V9.54   MAIN                                                                  03/28/2023 15:57:45 PAGE 2   

MODULE INFORMATION:   STATIC OVERLAYABLE
   CODE SIZE        =    145    ----
   CONSTANT SIZE    =   ----    ----
   XDATA SIZE       =   ----    ----
   PDATA SIZE       =   ----    ----
   DATA SIZE        =      5    ----
   IDATA SIZE       =   ----    ----
   BIT SIZE         =   ----    ----
END OF MODULE INFORMATION.


C51 COMPILATION COMPLETE.  0 WARNING(S),  0 ERROR(S)
