C51 COMPILER V9.54   MATRIXKEY                                                             03/10/2023 19:36:41 PAGE 1   


C51 COMPILER V9.54, COMPILATION OF MODULE MATRIXKEY
OBJECT MODULE PLACED IN .\Objects\MatrixKey.obj
COMPILER INVOKED BY: D:\Keil5\C51\BIN\C51.EXE MatrixKey.c OPTIMIZE(8,SPEED) BROWSE DEBUG OBJECTEXTEND PRINT(.\Listings\M
                    -atrixKey.lst) TABS(2) OBJECT(.\Objects\MatrixKey.obj)

line level    source

   1          #include <REGX52.H>
   2          #include "MatrixKey.h"
   3          #include "Delay.h"
   4          
   5          unsigned char getKey(void){
   6   1        //返回值
   7   1        unsigned char key_number = 0;
   8   1        
   9   1        //判断第一列
  10   1        P1 = 0xff;
  11   1        P1_3 = 0;
  12   1        if(0 == P1_7){
  13   2          Delay(20);while(0 == P1_7);Delay(20);
  14   2          key_number = 1;
  15   2        }else if(0 == P1_6){
  16   2          Delay(20);while(0 == P1_6);Delay(20);
  17   2          key_number = 5;
  18   2        }else if(0 == P1_5){
  19   2          Delay(20);while(0 == P1_5);Delay(20);
  20   2          key_number = 9;
  21   2        }else if(0 == P1_4){
  22   2          Delay(20);while(0 == P1_4);Delay(20);
  23   2          key_number = 13;
  24   2        }
  25   1        
  26   1        //判断第二列
  27   1        P1 = 0xff;
  28   1        P1_2 = 0;
  29   1        if(0 == P1_7){
  30   2          Delay(20);while(0 == P1_7);Delay(20);
  31   2          key_number = 2;
  32   2        }else if(0 == P1_6){
  33   2          Delay(20);while(0 == P1_6);Delay(20);
  34   2          key_number = 6;
  35   2        }else if(0 == P1_5){
  36   2          Delay(20);while(0 == P1_5);Delay(20);
  37   2          key_number = 10;
  38   2        }else if(0 == P1_4){
  39   2          Delay(20);while(0 == P1_4);Delay(20);
  40   2          key_number = 14;
  41   2        }
  42   1        
  43   1        //判断第三列
  44   1        P1 = 0xff;
  45   1        P1_1 = 0;
  46   1        if(0 == P1_7){
  47   2          Delay(20);while(0 == P1_7);Delay(20);
  48   2          key_number = 3;
  49   2        }else if(0 == P1_6){
  50   2          Delay(20);while(0 == P1_6);Delay(20);
  51   2          key_number = 7;
  52   2        }else if(0 == P1_5){
  53   2          Delay(20);while(0 == P1_5);Delay(20);
  54   2          key_number = 11;
C51 COMPILER V9.54   MATRIXKEY                                                             03/10/2023 19:36:41 PAGE 2   

  55   2        }else if(0 == P1_4){
  56   2          Delay(20);while(0 == P1_4);Delay(20);
  57   2          key_number = 15;
  58   2        }
  59   1        
  60   1        //判断第四列
  61   1        P1 = 0xff;
  62   1        P1_0 = 0;
  63   1        if(0 == P1_7){
  64   2          Delay(20);while(0 == P1_7);Delay(20);
  65   2          key_number = 4;
  66   2        }else if(0 == P1_6){
  67   2          Delay(20);while(0 == P1_6);Delay(20);
  68   2          key_number = 8;
  69   2        }else if(0 == P1_5){
  70   2          Delay(20);while(0 == P1_5);Delay(20);
  71   2          key_number = 12;
  72   2        }else if(0 == P1_4){
  73   2          Delay(20);while(0 == P1_4);Delay(20);
  74   2          key_number = 16;
  75   2        }
  76   1        
  77   1        return key_number;
  78   1      }
  79          


MODULE INFORMATION:   STATIC OVERLAYABLE
   CODE SIZE        =    354    ----
   CONSTANT SIZE    =   ----    ----
   XDATA SIZE       =   ----    ----
   PDATA SIZE       =   ----    ----
   DATA SIZE        =   ----       1
   IDATA SIZE       =   ----    ----
   BIT SIZE         =   ----    ----
END OF MODULE INFORMATION.


C51 COMPILATION COMPLETE.  0 WARNING(S),  0 ERROR(S)
