C51 COMPILER V9.54   MAIN                                                                  03/21/2023 16:51:55 PAGE 1   


C51 COMPILER V9.54, COMPILATION OF MODULE MAIN
OBJECT MODULE PLACED IN .\Objects\main.obj
COMPILER INVOKED BY: D:\Keil5\C51\BIN\C51.EXE main.c OPTIMIZE(8,SPEED) BROWSE DEBUG OBJECTEXTEND PRINT(.\Listings\main.l
                    -st) TABS(2) OBJECT(.\Objects\main.obj)

line level    source

   1          #include <REGX52.H>
   2          #include "Delay.h"
   3          #include "Timer0.h"
   4          #include "song.h"
   5          
   6          unsigned char FreqSelect = 0, MusicSelect = 0; 
   7          
   8          /*
   9          unsigned char star[] = {
  10            M1,M1,M5,M5,M6,M6,M5,M4,M4,M3,M3,
  11            M2,M2,M1,M5,M5,M4,M4,M3,M3,M2,M5,
  12            M5,M4,M4,M3,M3,M2,M1,M1,M5,M5,M6,
  13            M6,M5,M4,M4,M3,M3,M2,M2,M1,0xff
  14          };
  15          unsigned char code star_time[] = {
  16            4,4,4,4, 4,4,4+4, 4,4,4,4, 4,4,4+4,
  17            4,4,4,4, 4,4,4+4, 4,4,4,4, 4,4,4+4,
  18            4,4,4,4, 4,4,4+4, 4,4,4,4, 4,4,4+4
  19          };
  20          */
  21          
  22          void main(void)
  23          {
  24   1        Timer0Init();
  25   1        
  26   1        while(1)
  27   1        {
  28   2          if((FreqSelect = sky[MusicSelect]) != 0xff){
  29   3            MusicSelect++;
  30   3            Delay(SPEED/4*sky[MusicSelect]);
  31   3            MusicSelect++;
  32   3            TR0 = 0;
  33   3            Delay(5);
  34   3            TR0 = 1;
  35   3          }
  36   2          else {
  37   3            //播放结束
  38   3            TR0 = 0;
  39   3            Buzzer_IO = 0;
  40   3            while(1);
  41   3          }
  42   2        }
  43   1      }
  44          
  45          void Timer0_Rountine(void) interrupt 1
  46          {
  47   1        if(FreqTable[FreqSelect]){
  48   2          TL0 = FreqTable[FreqSelect]%256;    //设置定时初值
  49   2          TH0 = FreqTable[FreqSelect]/256;    //设置定时初值
  50   2        
  51   2          Buzzer_IO = ~Buzzer_IO;//蜂鸣器震动
  52   2        }
  53   1      }

C51 COMPILER V9.54   MAIN                                                                  03/21/2023 16:51:55 PAGE 2   


MODULE INFORMATION:   STATIC OVERLAYABLE
   CODE SIZE        =    132    ----
   CONSTANT SIZE    =   ----    ----
   XDATA SIZE       =   ----    ----
   PDATA SIZE       =   ----    ----
   DATA SIZE        =      2    ----
   IDATA SIZE       =   ----    ----
   BIT SIZE         =   ----    ----
END OF MODULE INFORMATION.


C51 COMPILATION COMPLETE.  0 WARNING(S),  0 ERROR(S)
