C51 COMPILER V9.54   MAIN                                                                  07/25/2023 23:56:01 PAGE 1   


C51 COMPILER V9.54, COMPILATION OF MODULE MAIN
OBJECT MODULE PLACED IN .\Objects\main.obj
COMPILER INVOKED BY: D:\Keil5\C51\BIN\C51.EXE main.c OPTIMIZE(8,SPEED) BROWSE DEBUG OBJECTEXTEND PRINT(.\Listings\main.l
                    -st) OBJECT(.\Objects\main.obj)

line level    source

   1          #include <REGX52.H>
   2          #include "Delay.h"
   3          #include "LCD1602.h"
   4          #include "Timer0.h"
   5          
   6          static unsigned char sec = 0;
   7          static unsigned char minute = 0;
   8          static unsigned char hour = 0;//给时分秒分别赋初值
   9          
  10          void main()
  11          {
  12   1              LCD_Init();
  13   1              Timer0Init();
  14   1              LCD_ShowString(1,1,"Clock:");//时钟提示
  15   1              
  16   1              while(1)
  17   1              {
  18   2                      LCD_ShowNum(2,1,hour,2);
  19   2                      LCD_ShowChar(2,3,':');
  20   2                      LCD_ShowNum(2,4,minute,2);
  21   2                      LCD_ShowChar(2,6,':');
  22   2                      LCD_ShowNum(2,7,sec,2);
  23   2              }
  24   1      }
  25          
  26          void Timer0_Rountine(void) interrupt 1
  27          {
  28   1              static unsigned int count = 0;
  29   1              TL0 = 0x66;             //设置定时初值
  30   1              TH0 = 0xFC;             //设置定时初值
  31   1              count++;
  32   1              
  33   1              if(count == 1000)
  34   1              {
  35   2                      count = 0;
  36   2                      sec++;
  37   2                      if(sec >= 60)
  38   2                      {
  39   3                              //每过60秒分钟数加一
  40   3                              minute += 1;
  41   3                              sec -= 60;
  42   3                      }
  43   2                      if(minute >= 60)
  44   2                      {
  45   3                              //每过60分钟时钟数加一
  46   3                              hour += 1;
  47   3                              minute -= 60;
  48   3                      }
  49   2                      //每过24小时清零一次
  50   2                      if(hour >= 24)
  51   2                              hour = 0;
  52   2                      
  53   2              }
  54   1      }
C51 COMPILER V9.54   MAIN                                                                  07/25/2023 23:56:01 PAGE 2   



MODULE INFORMATION:   STATIC OVERLAYABLE
   CODE SIZE        =    163    ----
   CONSTANT SIZE    =      7    ----
   XDATA SIZE       =   ----    ----
   PDATA SIZE       =   ----    ----
   DATA SIZE        =      5    ----
   IDATA SIZE       =   ----    ----
   BIT SIZE         =   ----    ----
END OF MODULE INFORMATION.


C51 COMPILATION COMPLETE.  0 WARNING(S),  0 ERROR(S)
