C51 COMPILER V9.54   MAIN                                                                  03/25/2023 22:17:35 PAGE 1   


C51 COMPILER V9.54, COMPILATION OF MODULE MAIN
OBJECT MODULE PLACED IN .\Objects\main.obj
COMPILER INVOKED BY: D:\Keil5\C51\BIN\C51.EXE main.c OPTIMIZE(8,SPEED) BROWSE DEBUG OBJECTEXTEND PRINT(.\Listings\main.l
                    -st) TABS(2) OBJECT(.\Objects\main.obj)

line level    source

   1          #include <REGX52.H>
   2          #include "Delay.h"
   3          #include "LCD1602.h"
   4          #include "DS18B20.h"
   5          
   6          float T;
   7          
   8          void main(void)
   9          { 
  10   1        LCD_Init();
  11   1        LCD_ShowString(1,1,"Temperature:");
  12   1        while(1)
  13   1        {
  14   2          DS18B20_ConvertT();
  15   2          T = DS18B20_readT();
  16   2          if(T < 0)
  17   2          {
  18   3            LCD_ShowChar(2,1,'-');
  19   3            T = -T;
  20   3          }
  21   2          else 
  22   2          {
  23   3            LCD_ShowChar(2,1,'+');
  24   3          }
  25   2          LCD_ShowNum(2,2,T,3);
  26   2          LCD_ShowChar(2,5,'.');
  27   2          LCD_ShowNum(2,6,(unsigned long)(T*10000)%10000,4);
  28   2        }
  29   1      }


MODULE INFORMATION:   STATIC OVERLAYABLE
   CODE SIZE        =    166    ----
   CONSTANT SIZE    =     13    ----
   XDATA SIZE       =   ----    ----
   PDATA SIZE       =   ----    ----
   DATA SIZE        =      4    ----
   IDATA SIZE       =   ----    ----
   BIT SIZE         =   ----    ----
END OF MODULE INFORMATION.


C51 COMPILATION COMPLETE.  0 WARNING(S),  0 ERROR(S)
