C51 COMPILER V9.54   ONEWIRE                                                               03/25/2023 21:58:24 PAGE 1   


C51 COMPILER V9.54, COMPILATION OF MODULE ONEWIRE
OBJECT MODULE PLACED IN .\Objects\OneWire.obj
COMPILER INVOKED BY: D:\Keil5\C51\BIN\C51.EXE OneWire.c OPTIMIZE(8,SPEED) BROWSE DEBUG OBJECTEXTEND PRINT(.\Listings\One
                    -Wire.lst) TABS(2) OBJECT(.\Objects\OneWire.obj)

line level    source

   1          #include <REGX52.H>
   2          #include "OneWire.h"
   3          
   4          sbit OneWire_DQ=P3^7;
   5          
   6          
   7          /**
   8            * @brief 开始使用单总线协议
   9            * @param 无
  10            * @retval 响应值（0为响应，1为未响应）
  11            */
  12          unsigned char OneWire_Init(void)
  13          {
  14   1        unsigned char i,ACK;
  15   1        
  16   1        OneWire_DQ = 1;
  17   1        OneWire_DQ = 0;
  18   1        i = 227;while (--i);// 500us
  19   1        OneWire_DQ = 1;
  20   1        i = 29;while (--i);// 70us
  21   1        ACK = OneWire_DQ;
  22   1        i = 227;while (--i);// 500us
  23   1        return ACK;
  24   1      }
  25          
  26          
  27          /**
  28            * @brief 发送一个位数据（1或0）
  29            * @param 发送的位数据
  30            * @retval 无
  31            */
  32          void OneWire_sendBit(unsigned char Bit)
  33          {
  34   1        unsigned char i;
  35   1        
  36   1        OneWire_DQ = 0;
  37   1        i = 4;while (--i);// 15us
  38   1        OneWire_DQ = Bit;
  39   1        i = 22;while (--i);// 55us
  40   1        OneWire_DQ = 1;
  41   1      }
  42          
  43          
  44          /**
  45            * @brief 接收一个位数据
  46            * @param 无
  47            * @retval 接收到的位数据
  48            */
  49          unsigned char OneWire_receiveBit(void)
  50          {
  51   1        unsigned char Bit,i;
  52   1        
  53   1        OneWire_DQ = 0;
  54   1        i = 2;while (--i);//10us
C51 COMPILER V9.54   ONEWIRE                                                               03/25/2023 21:58:24 PAGE 2   

  55   1        OneWire_DQ = 1;
  56   1        i = 2;while (--i);//10us
  57   1        Bit = OneWire_DQ;
  58   1        i = 22;while (--i);// 55us
  59   1        return Bit;
  60   1      }
  61          
  62          
  63          /**
  64            * @brief 发送一个字节数据
  65            * @param 要发送的字节
  66            * @retval 无
  67            */
  68          void OneWire_sendByte(unsigned char Byte)
  69          {
  70   1        unsigned char i;
  71   1        for(i=0;i<8;i++)
  72   1        {
  73   2          OneWire_sendBit(Byte & (0x01<<i));
  74   2        }
  75   1      }
  76          
  77          
  78          /**
  79            * @brief 接收一个字节数据
  80            * @param 无
  81            * @retval 接收到的字节
  82            */
  83          unsigned char OneWire_receiveByte(void)
  84          {
  85   1        unsigned char Byte = 0x00,i;
  86   1        for(i=0;i<8;i++)
  87   1        {
  88   2          if(OneWire_receiveBit()){Byte |= (0x01<<i);}
  89   2        }
  90   1        return Byte;
  91   1      }


MODULE INFORMATION:   STATIC OVERLAYABLE
   CODE SIZE        =    122    ----
   CONSTANT SIZE    =   ----    ----
   XDATA SIZE       =   ----    ----
   PDATA SIZE       =   ----    ----
   DATA SIZE        =   ----    ----
   IDATA SIZE       =   ----    ----
   BIT SIZE         =   ----    ----
END OF MODULE INFORMATION.


C51 COMPILATION COMPLETE.  0 WARNING(S),  0 ERROR(S)
