C51 COMPILER V9.54   BUZZER                                                                07/28/2023 21:36:55 PAGE 1   


C51 COMPILER V9.54, COMPILATION OF MODULE BUZZER
OBJECT MODULE PLACED IN .\Objects\Buzzer.obj
COMPILER INVOKED BY: D:\Keil5\C51\BIN\C51.EXE Buzzer.c OPTIMIZE(8,SPEED) BROWSE DEBUG OBJECTEXTEND PRINT(.\Listings\Buzz
                    -er.lst) OBJECT(.\Objects\Buzzer.obj)

line level    source

   1          #include <REGX52.H>
   2          #include <INTRINS.h>
   3          
   4          sbit BuzzerIO=P2^5;
   5          
   6          
   7          
   8          /**
   9            * @brief 蜂鸣器所使用的延时函数
  10            * @param 无
  11            * @retval 无
  12            */
  13          static void 
  14          Buzzer_Delay500us()             //@11.0592MHz
  15          {
  16   1              unsigned char i;
  17   1      
  18   1              _nop_();
  19   1              i = 227;
  20   1              while (--i);
  21   1      }
  22          
  23          
  24          
  25          /**
  26            * @brief 使蜂鸣器响一段时间(ms)
  27            * @param 时间(ms)
  28            * @retval 无
  29            */
  30          void 
  31          Buzzer_time(unsigned int xms)
  32          {
  33   1              //xms *= 2;
  34   1              while(xms--)
  35   1              {
  36   2                      BuzzerIO = ~BuzzerIO;
  37   2                      Buzzer_Delay500us();
  38   2              }
  39   1      }
  40                  


MODULE INFORMATION:   STATIC OVERLAYABLE
   CODE SIZE        =     28    ----
   CONSTANT SIZE    =   ----    ----
   XDATA SIZE       =   ----    ----
   PDATA SIZE       =   ----    ----
   DATA SIZE        =   ----    ----
   IDATA SIZE       =   ----    ----
   BIT SIZE         =   ----    ----
END OF MODULE INFORMATION.


C51 COMPILATION COMPLETE.  0 WARNING(S),  0 ERROR(S)
