C51 COMPILER V9.54   MAIN                                                                  07/28/2023 21:36:55 PAGE 1   


C51 COMPILER V9.54, COMPILATION OF MODULE MAIN
OBJECT MODULE PLACED IN .\Objects\main.obj
COMPILER INVOKED BY: D:\Keil5\C51\BIN\C51.EXE main.c OPTIMIZE(8,SPEED) BROWSE DEBUG OBJECTEXTEND PRINT(.\Listings\main.l
                    -st) OBJECT(.\Objects\main.obj)

line level    source

   1          #include <REGX52.H>
   2          #include "Nixie.h"
   3          #include "Key.h"
   4          #include "Buzzer.h"
   5          
   6          void Timer0Init(void);
   7          
   8          void main(void)
   9          {
  10   1              unsigned char Key;
  11   1              Nixie(1,0);
  12   1              while(1)
  13   1              {
  14   2                      Key = getKey();
  15   2                      if(Key)
  16   2                      {
  17   3                              Nixie(1,Key);
  18   3                              Buzzer_time(1000);
  19   3                      }
  20   2              }
  21   1      }
  22          


MODULE INFORMATION:   STATIC OVERLAYABLE
   CODE SIZE        =     31    ----
   CONSTANT SIZE    =   ----    ----
   XDATA SIZE       =   ----    ----
   PDATA SIZE       =   ----    ----
   DATA SIZE        =   ----       1
   IDATA SIZE       =   ----    ----
   BIT SIZE         =   ----    ----
END OF MODULE INFORMATION.


C51 COMPILATION COMPLETE.  0 WARNING(S),  0 ERROR(S)
