C51 COMPILER V9.54   MAIN                                                                  07/20/2023 12:26:51 PAGE 1   


C51 COMPILER V9.54, COMPILATION OF MODULE MAIN
OBJECT MODULE PLACED IN .\Objects\main.obj
COMPILER INVOKED BY: D:\Keil5\C51\BIN\C51.EXE main.c OPTIMIZE(8,SPEED) BROWSE DEBUG OBJECTEXTEND PRINT(.\Listings\main.l
                    -st) OBJECT(.\Objects\main.obj)

line level    source

   1          #include <REGX52.H>
   2          #include "Nixie.h"
   3          #include "IR.h"
   4          #include "Motor.h"
   5          
   6          unsigned char Speed = 0,Command;
   7          
   8          void main(void)
   9          {
  10   1              IR_Init();
  11   1              Motor_Init();
  12   1              
  13   1              while(1)
  14   1              {
  15   2                      if(IR_getDataFlag())
  16   2                      {
  17   3                              Command = IR_getCommand();
  18   3                              switch(Command)
  19   3                              {
  20   4                                      case IR_0:
  21   4                                              Speed = 0;
  22   4                                              break;
  23   4                                      case IR_1:
  24   4                                              Speed = 1;
  25   4                                              break;
  26   4                                      case IR_2:
  27   4                                              Speed = 2;
  28   4                                              break;
  29   4                                      case IR_3:
  30   4                                              Speed = 3;
  31   4                                              break;
  32   4                              }
  33   3                              Motor_setSpeed(Speed);
  34   3                      }
  35   2                      Nixie(1,Speed);
  36   2              }
  37   1      }
  38          
  39          


MODULE INFORMATION:   STATIC OVERLAYABLE
   CODE SIZE        =     67    ----
   CONSTANT SIZE    =   ----    ----
   XDATA SIZE       =   ----    ----
   PDATA SIZE       =   ----    ----
   DATA SIZE        =      2    ----
   IDATA SIZE       =   ----    ----
   BIT SIZE         =   ----    ----
END OF MODULE INFORMATION.


C51 COMPILATION COMPLETE.  0 WARNING(S),  0 ERROR(S)
