C51 COMPILER V9.54   MOTOR                                                                 07/20/2023 12:26:51 PAGE 1   


C51 COMPILER V9.54, COMPILATION OF MODULE MOTOR
OBJECT MODULE PLACED IN .\Objects\Motor.obj
COMPILER INVOKED BY: D:\Keil5\C51\BIN\C51.EXE Motor.c OPTIMIZE(8,SPEED) BROWSE DEBUG OBJECTEXTEND PRINT(.\Listings\Motor
                    -.lst) OBJECT(.\Objects\Motor.obj)

line level    source

   1          #include <REGX52.H>
   2          #include "Timer1.h"
   3          
   4          sbit LED0=P2^0;
   5          sbit motor=P1^0;
   6          
   7          unsigned char compare;
   8          
   9          /**
  10            * @brief 电机初始化
  11            * @param 无
  12            * @retval 无
  13            */
  14          void Motor_Init(void)
  15          {
  16   1              Timer1Init();
  17   1      }
  18          
  19          /**
  20            * @brief 设置电机转速档位
  21            * @param 转速档位
  22            * @retval 无
  23            */
  24          void Motor_setSpeed(unsigned char speed)
  25          {
  26   1              switch(speed){
  27   2                      case 0:
  28   2                              compare = 0;
  29   2                              break;
  30   2                      case 1:
  31   2                              compare = 50;
  32   2                              break;
  33   2                      case 2:
  34   2                              compare = 75;
  35   2                              break;
  36   2                      case 3:
  37   2                              compare = 100;
  38   2                              break;
  39   2              }
  40   1      }
  41          
  42          //通过不间断的改变电机运动状态来改变转速(周期性)
  43          void Timer1_Rountine(void) interrupt 3
  44          {
  45   1              static unsigned int count = 0;
  46   1              TL1 = 0xA4;             //设置定时初值
  47   1              TH1 = 0xFF;             //设置定时初值
  48   1              
  49   1              count++;
  50   1              count %= 100;
  51   1              if(count>=compare){LED0 = 1;motor=0;}
  52   1              else {LED0 = 0;motor=1;}
  53   1      }

C51 COMPILER V9.54   MOTOR                                                                 07/20/2023 12:26:51 PAGE 2   


MODULE INFORMATION:   STATIC OVERLAYABLE
   CODE SIZE        =    118    ----
   CONSTANT SIZE    =   ----    ----
   XDATA SIZE       =   ----    ----
   PDATA SIZE       =   ----    ----
   DATA SIZE        =      3    ----
   IDATA SIZE       =   ----    ----
   BIT SIZE         =   ----    ----
END OF MODULE INFORMATION.


C51 COMPILATION COMPLETE.  0 WARNING(S),  0 ERROR(S)
