C51 COMPILER V9.54   KEY                                                                   03/16/2023 22:16:01 PAGE 1   


C51 COMPILER V9.54, COMPILATION OF MODULE KEY
OBJECT MODULE PLACED IN .\Objects\Key.obj
COMPILER INVOKED BY: D:\Keil5\C51\BIN\C51.EXE Key.c OPTIMIZE(8,SPEED) BROWSE DEBUG OBJECTEXTEND PRINT(.\Listings\Key.lst
                    -) TABS(2) OBJECT(.\Objects\Key.obj)

line level    source

   1          #include <REGX52.H>
   2          #include "Delay.h"
   3          
   4          /**
   5            * @brief 用来判别按键按下的信号
   6            * @param 无
   7            * @retval 按键标号（0-4）,无按键按下时为0
   8            */
   9          unsigned char getKey(void)
  10          {
  11   1        unsigned char Key_number = 0;
  12   1        if(P3_1 == 0){
  13   2          Delay(20);while(P3_1 == 0);Delay(20);
  14   2          Key_number = 1;
  15   2        }else if(P3_0 == 0){
  16   2          Delay(20);while(P3_0 == 0);Delay(20);
  17   2          Key_number = 2;
  18   2        }else if(P3_2 == 0){
  19   2          Delay(20);while(P3_2 == 0);Delay(20);
  20   2          Key_number = 3;
  21   2        }else if(P3_3 == 0){
  22   2          Delay(20);while(P3_3 == 0);Delay(20);
  23   2          Key_number = 4;
  24   2        }
  25   1        return Key_number;
  26   1      }


MODULE INFORMATION:   STATIC OVERLAYABLE
   CODE SIZE        =    103    ----
   CONSTANT SIZE    =   ----    ----
   XDATA SIZE       =   ----    ----
   PDATA SIZE       =   ----    ----
   DATA SIZE        =   ----       1
   IDATA SIZE       =   ----    ----
   BIT SIZE         =   ----    ----
END OF MODULE INFORMATION.


C51 COMPILATION COMPLETE.  0 WARNING(S),  0 ERROR(S)
