C51 COMPILER V9.54   MAIN                                                                  03/16/2023 22:16:01 PAGE 1   


C51 COMPILER V9.54, COMPILATION OF MODULE MAIN
OBJECT MODULE PLACED IN .\Objects\main.obj
COMPILER INVOKED BY: D:\Keil5\C51\BIN\C51.EXE main.c OPTIMIZE(8,SPEED) BROWSE DEBUG OBJECTEXTEND PRINT(.\Listings\main.l
                    -st) TABS(2) OBJECT(.\Objects\main.obj)

line level    source

   1          #include <REGX52.H>
   2          #include "LCD1602.h"
   3          #include "DS1302.h"
   4          #include "Key.h"
   5          #include "Timer0.h"
   6          
   7          void TimeShow(void);
   8          void TimeSet(void);
   9          
  10          unsigned char Key, Cursor = 0, Flash = 0, Mode = 0;
  11          
  12          void main(void)
  13          { 
  14   1      
  15   1        LCD_Init();
  16   1        DS1302_Init();
  17   1        Timer0Init();
  18   1        DS1302_setTime();
  19   1        
  20   1        while(1)
  21   1        {
  22   2          Key = getKey();
  23   2          if(Key == 1 && Mode == 1)//在切回时将改变的时间写入
  24   2          {Mode = 0;DS1302_setTime();Cursor = 0;}
  25   2          else if(Key == 1)
  26   2          {Mode = 1;}
  27   2          
  28   2          switch(Mode){
  29   3            case 0:
  30   3              TimeShow();
  31   3              break;
  32   3            case 1:
  33   3              TimeSet();
  34   3              break;
  35   3          }
  36   2        }
  37   1      }
  38          
  39          /**
  40            * @brief 显示当前DS1302中的时间
  41            * @param 无
  42            * @retval 无
  43            */
  44          void
  45          TimeShow(void)
  46          {
  47   1        DS1302_readTime();
  48   1        //年月日
  49   1        LCD_ShowNum(1,1,DS1302_time[0],2);
  50   1        LCD_ShowChar(1,3,'-');
  51   1        LCD_ShowNum(1,4,DS1302_time[1],2);
  52   1        LCD_ShowChar(1,6,'-');
  53   1        LCD_ShowNum(1,7,DS1302_time[2],2);
  54   1        //时分秒
C51 COMPILER V9.54   MAIN                                                                  03/16/2023 22:16:01 PAGE 2   

  55   1        LCD_ShowNum(2,1,DS1302_time[3],2);
  56   1        LCD_ShowChar(2,3,':');
  57   1        LCD_ShowNum(2,4,DS1302_time[4],2);
  58   1        LCD_ShowChar(2,6,':');
  59   1        LCD_ShowNum(2,7,DS1302_time[5],2);
  60   1      }
  61          
  62          
  63          
  64          /**
  65            * @brief 调整数组中的时间并展示
  66            * @param 无
  67            * @retval 无
  68            */
  69          void 
  70          TimeSet(void)
  71          {
  72   1        switch(Key){
  73   2          case 2:
  74   2            Cursor++;
  75   2            Cursor %= 6;
  76   2            break;
  77   2          case 3:
  78   2            DS1302_time[Cursor]++;//调整时间(正向)
  79   2            if(DS1302_time[0]>99){DS1302_time[0]=0;}//年
  80   2            if(DS1302_time[1]>12){DS1302_time[1]=1;}//月
  81   2            if(DS1302_time[2]>31 && (DS1302_time[1] == 1 
  82   2            || DS1302_time[1] == 3 || DS1302_time[1] == 5 
  83   2            || DS1302_time[1] == 7 || DS1302_time[1] == 8 
  84   2            || DS1302_time[1] == 10 || DS1302_time[1] ==  12))
  85   2            {DS1302_time[2]=1;}
  86   2            if(DS1302_time[2]>30 && (DS1302_time[1] == 4 
  87   2            || DS1302_time[1] == 6 || DS1302_time[1] == 9 || DS1302_time[1] == 11))
  88   2            {DS1302_time[2]=1;}
  89   2            if(DS1302_time[2]>29 && (DS1302_time[1] == 2))
  90   2            {DS1302_time[2]=1;}
  91   2            if(DS1302_time[2]>28 && (DS1302_time[1] == 2) && (DS1302_time[0]%4))
  92   2            {DS1302_time[2]=1;}//日
  93   2            if(DS1302_time[3]>23){DS1302_time[3]=0;}//时
  94   2            if(DS1302_time[4]>59){DS1302_time[4]=0;}//分
  95   2            if(DS1302_time[5]>59){DS1302_time[5]=0;}//秒
  96   2            break;
  97   2          case 4:
  98   2            DS1302_time[Cursor]--;//调整时间(反向)
  99   2            if(DS1302_time[0]<0){DS1302_time[0]=99;}//年
 100   2            if(DS1302_time[1]<1){DS1302_time[1]=12;}//月
 101   2            if(DS1302_time[2]<1){
 102   3              if(DS1302_time[1] == 1 || DS1302_time[1] == 3 || DS1302_time[1] == 5 
 103   3                || DS1302_time[1] == 7 || DS1302_time[1] == 8 
 104   3                || DS1302_time[1] == 10 || DS1302_time[1] ==  12)
 105   3              {DS1302_time[2]=31;}
 106   3              else if(DS1302_time[1] == 4 || DS1302_time[1] == 6 
 107   3              || DS1302_time[1] == 9 || DS1302_time[1] == 11)
 108   3              {DS1302_time[2]=30;}
 109   3              else if((DS1302_time[1] == 2) && !(DS1302_time[0]%4))
 110   3              {DS1302_time[2]=29;}
 111   3              else {DS1302_time[2]=28;}
 112   3            }
 113   2            if(DS1302_time[2]>31 && (DS1302_time[1] == 1 
 114   2            || DS1302_time[1] == 3 || DS1302_time[1] == 5 
 115   2            || DS1302_time[1] == 7 || DS1302_time[1] == 8 
 116   2            || DS1302_time[1] == 10 || DS1302_time[1] ==  12))
C51 COMPILER V9.54   MAIN                                                                  03/16/2023 22:16:01 PAGE 3   

 117   2            {DS1302_time[2]=1;}
 118   2            if(DS1302_time[2]>30 && (DS1302_time[1] == 4 
 119   2            || DS1302_time[1] == 6 || DS1302_time[1] == 9 || DS1302_time[1] == 11))
 120   2            {DS1302_time[2]=1;}
 121   2            if(DS1302_time[2]>29 && (DS1302_time[1] == 2))
 122   2            {DS1302_time[2]=1;}//日
 123   2            if(DS1302_time[2]>28 && (DS1302_time[1] == 2) && (DS1302_time[0]%4))
 124   2            {DS1302_time[2]=1;}
 125   2            if(DS1302_time[3]<0){DS1302_time[3]=23;}//时
 126   2            if(DS1302_time[4]<0){DS1302_time[4]=59;}//分
 127   2            if(DS1302_time[5]<0){DS1302_time[5]=59;}//秒
 128   2            break;
 129   2        }
 130   1        
 131   1        //LCD_ShowNum(2,10,Cursor,2);
 132   1        //年月日
 133   1        if(Flash && Cursor == 0){LCD_ShowString(1,1,"  ");}
 134   1        else {LCD_ShowNum(1,1,DS1302_time[0],2);}
 135   1        LCD_ShowChar(1,3,'-');
 136   1        if(Flash && Cursor == 1){LCD_ShowString(1,4,"  ");}
 137   1        else {LCD_ShowNum(1,4,DS1302_time[1],2);}
 138   1        LCD_ShowChar(1,6,'-');
 139   1        if(Flash && Cursor == 2){LCD_ShowString(1,7,"  ");}
 140   1        else {LCD_ShowNum(1,7,DS1302_time[2],2);}
 141   1        //时分秒
 142   1        if(Flash && Cursor == 3){LCD_ShowString(2,1,"  ");}
 143   1        else {LCD_ShowNum(2,1,DS1302_time[3],2);}
 144   1        LCD_ShowChar(2,3,':');
 145   1        if(Flash && Cursor == 4){LCD_ShowString(2,4,"  ");}
 146   1        else {LCD_ShowNum(2,4,DS1302_time[4],2);}
 147   1        LCD_ShowChar(2,6,':');
 148   1        if(Flash && Cursor == 5){LCD_ShowString(2,7,"  ");}
 149   1        else {LCD_ShowNum(2,7,DS1302_time[5],2);}
 150   1      }
 151          
 152          void Timer0_Rountine(void) interrupt 1
 153          {
 154   1        static unsigned int count = 0;
 155   1        TL0 = 0x66;   //设置定时初值
 156   1        TH0 = 0xFC;   //设置定时初值
 157   1        count++;
 158   1        
 159   1        if(count == 500)//控制执行次数，每次1ms
 160   1        {
 161   2          count = 0;
 162   2          Flash = ~Flash;
 163   2        }
 164   1      }


MODULE INFORMATION:   STATIC OVERLAYABLE
   CODE SIZE        =   1075    ----
   CONSTANT SIZE    =      3    ----
   XDATA SIZE       =   ----    ----
   PDATA SIZE       =   ----    ----
   DATA SIZE        =      6    ----
   IDATA SIZE       =   ----    ----
   BIT SIZE         =   ----    ----
END OF MODULE INFORMATION.


C51 COMPILATION COMPLETE.  0 WARNING(S),  0 ERROR(S)
